2022-03-16 09:26:04.987 -- [1;35m[main][m [1;32mINFO [m com.wait.play.ClientSample.main - ================
2022-03-16 09:31:27.189 -- [1;35m[main][m [1;32mINFO [m com.wait.play.ClientSample.main - 1
2022-03-16 11:22:08.049 -- [1;35m[main][m [1;32mINFO [m com.wait.play.ClientSample.lambda$main$0 - coredns-64897985d-9bnxw
2022-03-16 11:22:08.053 -- [1;35m[main][m [1;32mINFO [m com.wait.play.ClientSample.lambda$main$0 - etcd-minikube
2022-03-16 11:22:08.054 -- [1;35m[main][m [1;32mINFO [m com.wait.play.ClientSample.lambda$main$0 - kube-apiserver-minikube
2022-03-16 11:22:08.054 -- [1;35m[main][m [1;32mINFO [m com.wait.play.ClientSample.lambda$main$0 - kube-controller-manager-minikube
2022-03-16 11:22:08.054 -- [1;35m[main][m [1;32mINFO [m com.wait.play.ClientSample.lambda$main$0 - kube-proxy-d6g8n
2022-03-16 11:22:08.064 -- [1;35m[main][m [1;32mINFO [m com.wait.play.ClientSample.lambda$main$1 - kube-scheduler-minikube
2022-03-16 11:22:08.065 -- [1;35m[main][m [1;32mINFO [m com.wait.play.ClientSample.lambda$main$1 - storage-provisioner
2022-03-16 11:22:08.097 -- [1;35m[main][m [1;32mINFO [m com.wait.play.ClientSample.main - 1
2022-03-16 11:42:40.483 -- [1;35m[main][m [1;32mINFO [m com.wait.play.ClientSample.main - 1
2022-03-16 11:42:56.603 -- [1;35m[main][m [1;32mINFO [m com.wait.play.CRDSample.main - Found 0 CRD(s)
2022-03-16 11:46:31.670 -- [1;35m[main][m [1;32mINFO [m com.wait.play.CRDSample.main - Found 0 CRD(s)
2022-03-16 11:51:21.553 -- [1;35m[main][m [1;32mINFO [m com.wait.play.CRDSample.main - Found 1 CRD(s)
2022-03-16 11:56:20.075 -- [1;35m[main][m [1;32mINFO [m com.wait.play.CRDSample.main - Found 1 CRD(s)
2022-03-16 11:58:22.484 -- [1;35m[main][m [1;32mINFO [m com.wait.play.CRDSample.main - Found 1 CRD(s)
2022-03-16 14:16:15.245 -- [1;35m[main][m [1;32mINFO [m com.wait.play.CRDSample.main - Found 1 CRD(s)
2022-03-16 14:20:41.416 -- [1;35m[main][m [1;32mINFO [m com.wait.play.CRDSample.main - Found 0 CRD(s)
2022-03-16 14:20:46.493 -- [1;35m[main][m [1;32mINFO [m com.wait.play.CRDSample.main - ===========================>
2022-03-16 14:22:31.732 -- [1;35m[OkHttp http://192.168.88.128:8001/...][m [1;33mWARN [m io.fabric8.kubernetes.client.dsl.internal.WatchConnectionManager.lambda$run$2 - Exec Failure: HTTP 404, Status: 404 - Not Found
2022-03-16 14:22:33.765 -- [1;35m[OkHttp http://192.168.88.128:8001/...][m [1;33mWARN [m io.fabric8.kubernetes.client.dsl.internal.WatchConnectionManager.lambda$run$2 - Exec Failure: HTTP 404, Status: 404 - Not Found
2022-03-16 14:22:37.790 -- [1;35m[OkHttp http://192.168.88.128:8001/...][m [1;33mWARN [m io.fabric8.kubernetes.client.dsl.internal.WatchConnectionManager.lambda$run$2 - Exec Failure: HTTP 404, Status: 404 - Not Found
2022-03-16 14:22:45.818 -- [1;35m[OkHttp http://192.168.88.128:8001/...][m [1;33mWARN [m io.fabric8.kubernetes.client.dsl.internal.WatchConnectionManager.lambda$run$2 - Exec Failure: HTTP 404, Status: 404 - Not Found
2022-03-16 14:23:01.843 -- [1;35m[OkHttp http://192.168.88.128:8001/...][m [1;33mWARN [m io.fabric8.kubernetes.client.dsl.internal.WatchConnectionManager.lambda$run$2 - Exec Failure: HTTP 404, Status: 404 - Not Found
2022-03-16 14:25:43.928 -- [1;35m[main][m [1;32mINFO [m com.wait.play.CRDSample.main - Found 0 CRD(s)
2022-03-16 14:25:49.010 -- [1;35m[main][m [1;32mINFO [m com.wait.play.CRDSample.main - ===========================>
2022-03-19 21:31:52.526 -- [1;35m[OkHttp http://192.168.88.128:8001/...][m [1;31mERROR[m io.fabric8.kubernetes.client.dsl.internal.ExecWebSocketListener.onError - Exec Failure
java.net.ConnectException: Failed to connect to /192.168.88.128:8001
	at okhttp3.internal.connection.RealConnection.connectSocket(RealConnection.java:249) ~[okhttp-3.12.12.jar:?]
	at okhttp3.internal.connection.RealConnection.connect(RealConnection.java:167) ~[okhttp-3.12.12.jar:?]
	at okhttp3.internal.connection.StreamAllocation.findConnection(StreamAllocation.java:258) ~[okhttp-3.12.12.jar:?]
	at okhttp3.internal.connection.StreamAllocation.findHealthyConnection(StreamAllocation.java:135) ~[okhttp-3.12.12.jar:?]
	at okhttp3.internal.connection.StreamAllocation.newStream(StreamAllocation.java:114) ~[okhttp-3.12.12.jar:?]
	at okhttp3.internal.connection.ConnectInterceptor.intercept(ConnectInterceptor.java:42) ~[okhttp-3.12.12.jar:?]
	at okhttp3.internal.http.RealInterceptorChain.proceed(RealInterceptorChain.java:147) ~[okhttp-3.12.12.jar:?]
	at okhttp3.internal.http.RealInterceptorChain.proceed(RealInterceptorChain.java:121) ~[okhttp-3.12.12.jar:?]
	at okhttp3.internal.cache.CacheInterceptor.intercept(CacheInterceptor.java:93) ~[okhttp-3.12.12.jar:?]
	at okhttp3.internal.http.RealInterceptorChain.proceed(RealInterceptorChain.java:147) ~[okhttp-3.12.12.jar:?]
	at okhttp3.internal.http.RealInterceptorChain.proceed(RealInterceptorChain.java:121) ~[okhttp-3.12.12.jar:?]
	at okhttp3.internal.http.BridgeInterceptor.intercept(BridgeInterceptor.java:93) ~[okhttp-3.12.12.jar:?]
	at okhttp3.internal.http.RealInterceptorChain.proceed(RealInterceptorChain.java:147) ~[okhttp-3.12.12.jar:?]
	at okhttp3.internal.http.RetryAndFollowUpInterceptor.intercept(RetryAndFollowUpInterceptor.java:127) ~[okhttp-3.12.12.jar:?]
	at okhttp3.internal.http.RealInterceptorChain.proceed(RealInterceptorChain.java:147) ~[okhttp-3.12.12.jar:?]
	at okhttp3.internal.http.RealInterceptorChain.proceed(RealInterceptorChain.java:121) ~[okhttp-3.12.12.jar:?]
	at io.fabric8.kubernetes.client.okhttp.OkHttpClientBuilderImpl$InteceptorAdapter.intercept(OkHttpClientBuilderImpl.java:62) ~[kubernetes-client-5.12.1.jar:?]
	at okhttp3.internal.http.RealInterceptorChain.proceed(RealInterceptorChain.java:147) ~[okhttp-3.12.12.jar:?]
	at okhttp3.internal.http.RealInterceptorChain.proceed(RealInterceptorChain.java:121) ~[okhttp-3.12.12.jar:?]
	at io.fabric8.kubernetes.client.okhttp.OkHttpClientBuilderImpl$InteceptorAdapter.intercept(OkHttpClientBuilderImpl.java:62) ~[kubernetes-client-5.12.1.jar:?]
	at okhttp3.internal.http.RealInterceptorChain.proceed(RealInterceptorChain.java:147) ~[okhttp-3.12.12.jar:?]
	at okhttp3.internal.http.RealInterceptorChain.proceed(RealInterceptorChain.java:121) ~[okhttp-3.12.12.jar:?]
	at io.fabric8.kubernetes.client.okhttp.OkHttpClientBuilderImpl$InteceptorAdapter.intercept(OkHttpClientBuilderImpl.java:62) ~[kubernetes-client-5.12.1.jar:?]
	at okhttp3.internal.http.RealInterceptorChain.proceed(RealInterceptorChain.java:147) ~[okhttp-3.12.12.jar:?]
	at okhttp3.internal.http.RealInterceptorChain.proceed(RealInterceptorChain.java:121) ~[okhttp-3.12.12.jar:?]
	at io.fabric8.kubernetes.client.okhttp.OkHttpClientBuilderImpl$InteceptorAdapter.intercept(OkHttpClientBuilderImpl.java:62) ~[kubernetes-client-5.12.1.jar:?]
	at okhttp3.internal.http.RealInterceptorChain.proceed(RealInterceptorChain.java:147) ~[okhttp-3.12.12.jar:?]
	at okhttp3.internal.http.RealInterceptorChain.proceed(RealInterceptorChain.java:121) ~[okhttp-3.12.12.jar:?]
	at okhttp3.RealCall.getResponseWithInterceptorChain(RealCall.java:257) ~[okhttp-3.12.12.jar:?]
	at okhttp3.RealCall$AsyncCall.execute(RealCall.java:201) [okhttp-3.12.12.jar:?]
	at okhttp3.internal.NamedRunnable.run(NamedRunnable.java:32) [okhttp-3.12.12.jar:?]
	at java.util.concurrent.ThreadPoolExecutor.runWorker(ThreadPoolExecutor.java:1128) [?:?]
	at java.util.concurrent.ThreadPoolExecutor$Worker.run(ThreadPoolExecutor.java:628) [?:?]
	at java.lang.Thread.run(Thread.java:834) [?:?]
	Suppressed: java.lang.Throwable: waiting here
		at io.fabric8.kubernetes.client.utils.Utils.waitUntilReady(Utils.java:168) ~[kubernetes-client-5.12.1.jar:?]
		at io.fabric8.kubernetes.client.utils.Utils.waitUntilReadyOrFail(Utils.java:179) ~[kubernetes-client-5.12.1.jar:?]
		at io.fabric8.kubernetes.client.dsl.internal.core.v1.PodOperationsImpl.exec(PodOperationsImpl.java:332) ~[kubernetes-client-5.12.1.jar:?]
		at io.fabric8.kubernetes.client.dsl.internal.core.v1.PodOperationsImpl.exec(PodOperationsImpl.java:85) ~[kubernetes-client-5.12.1.jar:?]
		at com.wait.play.ExecWithTerminalSizeSample.newExecWatch(ExecWithTerminalSizeSample.java:34) ~[classes/:?]
		at com.wait.play.ExecWithTerminalSizeSample.main(ExecWithTerminalSizeSample.java:21) ~[classes/:?]
Caused by: java.net.ConnectException: Connection refused: connect
	at java.net.PlainSocketImpl.waitForConnect(Native Method) ~[?:?]
	at java.net.PlainSocketImpl.socketConnect(PlainSocketImpl.java:107) ~[?:?]
	at java.net.AbstractPlainSocketImpl.doConnect(AbstractPlainSocketImpl.java:399) ~[?:?]
	at java.net.AbstractPlainSocketImpl.connectToAddress(AbstractPlainSocketImpl.java:242) ~[?:?]
	at java.net.AbstractPlainSocketImpl.connect(AbstractPlainSocketImpl.java:224) ~[?:?]
	at java.net.SocksSocketImpl.connect(SocksSocketImpl.java:392) ~[?:?]
	at java.net.Socket.connect(Socket.java:608) ~[?:?]
	at okhttp3.internal.platform.Platform.connectSocket(Platform.java:129) ~[okhttp-3.12.12.jar:?]
	at okhttp3.internal.connection.RealConnection.connectSocket(RealConnection.java:247) ~[okhttp-3.12.12.jar:?]
	... 33 more
2022-03-19 21:31:52.598 -- [1;35m[OkHttp http://192.168.88.128:8001/...][m [1;31mERROR[m com.wait.play.ExecWithTerminalSizeSample.onFailure - shell barfed
2022-03-19 21:32:23.172 -- [1;35m[main][m [1;31mERROR[m com.wait.play.ClientSample.main - Operation: [list]  for kind: [Pod]  with name: [null]  in namespace: [default]  failed.
io.fabric8.kubernetes.client.KubernetesClientException: Operation: [list]  for kind: [Pod]  with name: [null]  in namespace: [default]  failed.
	at io.fabric8.kubernetes.client.KubernetesClientException.launderThrowable(KubernetesClientException.java:130) ~[kubernetes-client-5.12.1.jar:?]
	at io.fabric8.kubernetes.client.dsl.base.BaseOperation.listRequestHelper(BaseOperation.java:140) ~[kubernetes-client-5.12.1.jar:?]
	at io.fabric8.kubernetes.client.dsl.base.BaseOperation.list(BaseOperation.java:415) ~[kubernetes-client-5.12.1.jar:?]
	at io.fabric8.kubernetes.client.dsl.base.BaseOperation.list(BaseOperation.java:83) ~[kubernetes-client-5.12.1.jar:?]
	at com.wait.play.ClientSample.main(ClientSample.java:26) [classes/:?]
Caused by: java.net.ConnectException: Failed to connect to /192.168.88.128:8001
	at okhttp3.internal.connection.RealConnection.connectSocket(RealConnection.java:249) ~[okhttp-3.12.12.jar:?]
	at okhttp3.internal.connection.RealConnection.connect(RealConnection.java:167) ~[okhttp-3.12.12.jar:?]
	at okhttp3.internal.connection.StreamAllocation.findConnection(StreamAllocation.java:258) ~[okhttp-3.12.12.jar:?]
	at okhttp3.internal.connection.StreamAllocation.findHealthyConnection(StreamAllocation.java:135) ~[okhttp-3.12.12.jar:?]
	at okhttp3.internal.connection.StreamAllocation.newStream(StreamAllocation.java:114) ~[okhttp-3.12.12.jar:?]
	at okhttp3.internal.connection.ConnectInterceptor.intercept(ConnectInterceptor.java:42) ~[okhttp-3.12.12.jar:?]
	at okhttp3.internal.http.RealInterceptorChain.proceed(RealInterceptorChain.java:147) ~[okhttp-3.12.12.jar:?]
	at okhttp3.internal.http.RealInterceptorChain.proceed(RealInterceptorChain.java:121) ~[okhttp-3.12.12.jar:?]
	at okhttp3.internal.cache.CacheInterceptor.intercept(CacheInterceptor.java:93) ~[okhttp-3.12.12.jar:?]
	at okhttp3.internal.http.RealInterceptorChain.proceed(RealInterceptorChain.java:147) ~[okhttp-3.12.12.jar:?]
	at okhttp3.internal.http.RealInterceptorChain.proceed(RealInterceptorChain.java:121) ~[okhttp-3.12.12.jar:?]
	at okhttp3.internal.http.BridgeInterceptor.intercept(BridgeInterceptor.java:93) ~[okhttp-3.12.12.jar:?]
	at okhttp3.internal.http.RealInterceptorChain.proceed(RealInterceptorChain.java:147) ~[okhttp-3.12.12.jar:?]
	at okhttp3.internal.http.RetryAndFollowUpInterceptor.intercept(RetryAndFollowUpInterceptor.java:127) ~[okhttp-3.12.12.jar:?]
	at okhttp3.internal.http.RealInterceptorChain.proceed(RealInterceptorChain.java:147) ~[okhttp-3.12.12.jar:?]
	at okhttp3.internal.http.RealInterceptorChain.proceed(RealInterceptorChain.java:121) ~[okhttp-3.12.12.jar:?]
	at io.fabric8.kubernetes.client.okhttp.OkHttpClientBuilderImpl$InteceptorAdapter.intercept(OkHttpClientBuilderImpl.java:62) ~[kubernetes-client-5.12.1.jar:?]
	at okhttp3.internal.http.RealInterceptorChain.proceed(RealInterceptorChain.java:147) ~[okhttp-3.12.12.jar:?]
	at okhttp3.internal.http.RealInterceptorChain.proceed(RealInterceptorChain.java:121) ~[okhttp-3.12.12.jar:?]
	at io.fabric8.kubernetes.client.okhttp.OkHttpClientBuilderImpl$InteceptorAdapter.intercept(OkHttpClientBuilderImpl.java:62) ~[kubernetes-client-5.12.1.jar:?]
	at okhttp3.internal.http.RealInterceptorChain.proceed(RealInterceptorChain.java:147) ~[okhttp-3.12.12.jar:?]
	at okhttp3.internal.http.RealInterceptorChain.proceed(RealInterceptorChain.java:121) ~[okhttp-3.12.12.jar:?]
	at io.fabric8.kubernetes.client.okhttp.OkHttpClientBuilderImpl$InteceptorAdapter.intercept(OkHttpClientBuilderImpl.java:62) ~[kubernetes-client-5.12.1.jar:?]
	at okhttp3.internal.http.RealInterceptorChain.proceed(RealInterceptorChain.java:147) ~[okhttp-3.12.12.jar:?]
	at okhttp3.internal.http.RealInterceptorChain.proceed(RealInterceptorChain.java:121) ~[okhttp-3.12.12.jar:?]
	at io.fabric8.kubernetes.client.okhttp.OkHttpClientBuilderImpl$InteceptorAdapter.intercept(OkHttpClientBuilderImpl.java:62) ~[kubernetes-client-5.12.1.jar:?]
	at okhttp3.internal.http.RealInterceptorChain.proceed(RealInterceptorChain.java:147) ~[okhttp-3.12.12.jar:?]
	at okhttp3.internal.http.RealInterceptorChain.proceed(RealInterceptorChain.java:121) ~[okhttp-3.12.12.jar:?]
	at okhttp3.RealCall.getResponseWithInterceptorChain(RealCall.java:257) ~[okhttp-3.12.12.jar:?]
	at okhttp3.RealCall.execute(RealCall.java:93) ~[okhttp-3.12.12.jar:?]
	at io.fabric8.kubernetes.client.okhttp.OkHttpClientImpl.send(OkHttpClientImpl.java:138) ~[kubernetes-client-5.12.1.jar:?]
	at io.fabric8.kubernetes.client.dsl.base.OperationSupport.retryWithExponentialBackoff(OperationSupport.java:574) ~[kubernetes-client-5.12.1.jar:?]
	at io.fabric8.kubernetes.client.dsl.base.OperationSupport.handleResponse(OperationSupport.java:553) ~[kubernetes-client-5.12.1.jar:?]
	at io.fabric8.kubernetes.client.dsl.base.OperationSupport.handleResponse(OperationSupport.java:518) ~[kubernetes-client-5.12.1.jar:?]
	at io.fabric8.kubernetes.client.dsl.base.OperationSupport.handleResponse(OperationSupport.java:502) ~[kubernetes-client-5.12.1.jar:?]
	at io.fabric8.kubernetes.client.dsl.base.BaseOperation.listRequestHelper(BaseOperation.java:133) ~[kubernetes-client-5.12.1.jar:?]
	... 3 more
Caused by: java.net.ConnectException: Connection refused: connect
	at java.net.PlainSocketImpl.waitForConnect(Native Method) ~[?:?]
	at java.net.PlainSocketImpl.socketConnect(PlainSocketImpl.java:107) ~[?:?]
	at java.net.AbstractPlainSocketImpl.doConnect(AbstractPlainSocketImpl.java:399) ~[?:?]
	at java.net.AbstractPlainSocketImpl.connectToAddress(AbstractPlainSocketImpl.java:242) ~[?:?]
	at java.net.AbstractPlainSocketImpl.connect(AbstractPlainSocketImpl.java:224) ~[?:?]
	at java.net.SocksSocketImpl.connect(SocksSocketImpl.java:392) ~[?:?]
	at java.net.Socket.connect(Socket.java:608) ~[?:?]
	at okhttp3.internal.platform.Platform.connectSocket(Platform.java:129) ~[okhttp-3.12.12.jar:?]
	at okhttp3.internal.connection.RealConnection.connectSocket(RealConnection.java:247) ~[okhttp-3.12.12.jar:?]
	at okhttp3.internal.connection.RealConnection.connect(RealConnection.java:167) ~[okhttp-3.12.12.jar:?]
	at okhttp3.internal.connection.StreamAllocation.findConnection(StreamAllocation.java:258) ~[okhttp-3.12.12.jar:?]
	at okhttp3.internal.connection.StreamAllocation.findHealthyConnection(StreamAllocation.java:135) ~[okhttp-3.12.12.jar:?]
	at okhttp3.internal.connection.StreamAllocation.newStream(StreamAllocation.java:114) ~[okhttp-3.12.12.jar:?]
	at okhttp3.internal.connection.ConnectInterceptor.intercept(ConnectInterceptor.java:42) ~[okhttp-3.12.12.jar:?]
	at okhttp3.internal.http.RealInterceptorChain.proceed(RealInterceptorChain.java:147) ~[okhttp-3.12.12.jar:?]
	at okhttp3.internal.http.RealInterceptorChain.proceed(RealInterceptorChain.java:121) ~[okhttp-3.12.12.jar:?]
	at okhttp3.internal.cache.CacheInterceptor.intercept(CacheInterceptor.java:93) ~[okhttp-3.12.12.jar:?]
	at okhttp3.internal.http.RealInterceptorChain.proceed(RealInterceptorChain.java:147) ~[okhttp-3.12.12.jar:?]
	at okhttp3.internal.http.RealInterceptorChain.proceed(RealInterceptorChain.java:121) ~[okhttp-3.12.12.jar:?]
	at okhttp3.internal.http.BridgeInterceptor.intercept(BridgeInterceptor.java:93) ~[okhttp-3.12.12.jar:?]
	at okhttp3.internal.http.RealInterceptorChain.proceed(RealInterceptorChain.java:147) ~[okhttp-3.12.12.jar:?]
	at okhttp3.internal.http.RetryAndFollowUpInterceptor.intercept(RetryAndFollowUpInterceptor.java:127) ~[okhttp-3.12.12.jar:?]
	at okhttp3.internal.http.RealInterceptorChain.proceed(RealInterceptorChain.java:147) ~[okhttp-3.12.12.jar:?]
	at okhttp3.internal.http.RealInterceptorChain.proceed(RealInterceptorChain.java:121) ~[okhttp-3.12.12.jar:?]
	at io.fabric8.kubernetes.client.okhttp.OkHttpClientBuilderImpl$InteceptorAdapter.intercept(OkHttpClientBuilderImpl.java:62) ~[kubernetes-client-5.12.1.jar:?]
	at okhttp3.internal.http.RealInterceptorChain.proceed(RealInterceptorChain.java:147) ~[okhttp-3.12.12.jar:?]
	at okhttp3.internal.http.RealInterceptorChain.proceed(RealInterceptorChain.java:121) ~[okhttp-3.12.12.jar:?]
	at io.fabric8.kubernetes.client.okhttp.OkHttpClientBuilderImpl$InteceptorAdapter.intercept(OkHttpClientBuilderImpl.java:62) ~[kubernetes-client-5.12.1.jar:?]
	at okhttp3.internal.http.RealInterceptorChain.proceed(RealInterceptorChain.java:147) ~[okhttp-3.12.12.jar:?]
	at okhttp3.internal.http.RealInterceptorChain.proceed(RealInterceptorChain.java:121) ~[okhttp-3.12.12.jar:?]
	at io.fabric8.kubernetes.client.okhttp.OkHttpClientBuilderImpl$InteceptorAdapter.intercept(OkHttpClientBuilderImpl.java:62) ~[kubernetes-client-5.12.1.jar:?]
	at okhttp3.internal.http.RealInterceptorChain.proceed(RealInterceptorChain.java:147) ~[okhttp-3.12.12.jar:?]
	at okhttp3.internal.http.RealInterceptorChain.proceed(RealInterceptorChain.java:121) ~[okhttp-3.12.12.jar:?]
	at io.fabric8.kubernetes.client.okhttp.OkHttpClientBuilderImpl$InteceptorAdapter.intercept(OkHttpClientBuilderImpl.java:62) ~[kubernetes-client-5.12.1.jar:?]
	at okhttp3.internal.http.RealInterceptorChain.proceed(RealInterceptorChain.java:147) ~[okhttp-3.12.12.jar:?]
	at okhttp3.internal.http.RealInterceptorChain.proceed(RealInterceptorChain.java:121) ~[okhttp-3.12.12.jar:?]
	at okhttp3.RealCall.getResponseWithInterceptorChain(RealCall.java:257) ~[okhttp-3.12.12.jar:?]
	at okhttp3.RealCall.execute(RealCall.java:93) ~[okhttp-3.12.12.jar:?]
	at io.fabric8.kubernetes.client.okhttp.OkHttpClientImpl.send(OkHttpClientImpl.java:138) ~[kubernetes-client-5.12.1.jar:?]
	at io.fabric8.kubernetes.client.dsl.base.OperationSupport.retryWithExponentialBackoff(OperationSupport.java:574) ~[kubernetes-client-5.12.1.jar:?]
	at io.fabric8.kubernetes.client.dsl.base.OperationSupport.handleResponse(OperationSupport.java:553) ~[kubernetes-client-5.12.1.jar:?]
	at io.fabric8.kubernetes.client.dsl.base.OperationSupport.handleResponse(OperationSupport.java:518) ~[kubernetes-client-5.12.1.jar:?]
	at io.fabric8.kubernetes.client.dsl.base.OperationSupport.handleResponse(OperationSupport.java:502) ~[kubernetes-client-5.12.1.jar:?]
	at io.fabric8.kubernetes.client.dsl.base.BaseOperation.listRequestHelper(BaseOperation.java:133) ~[kubernetes-client-5.12.1.jar:?]
	... 3 more
2022-03-19 21:33:55.555 -- [1;35m[main][m [1;31mERROR[m com.wait.play.ClientSample.main - Operation: [list]  for kind: [Pod]  with name: [null]  in namespace: [default]  failed.
io.fabric8.kubernetes.client.KubernetesClientException: Operation: [list]  for kind: [Pod]  with name: [null]  in namespace: [default]  failed.
	at io.fabric8.kubernetes.client.KubernetesClientException.launderThrowable(KubernetesClientException.java:130) ~[kubernetes-client-5.12.1.jar:?]
	at io.fabric8.kubernetes.client.dsl.base.BaseOperation.listRequestHelper(BaseOperation.java:140) ~[kubernetes-client-5.12.1.jar:?]
	at io.fabric8.kubernetes.client.dsl.base.BaseOperation.list(BaseOperation.java:415) ~[kubernetes-client-5.12.1.jar:?]
	at io.fabric8.kubernetes.client.dsl.base.BaseOperation.list(BaseOperation.java:83) ~[kubernetes-client-5.12.1.jar:?]
	at com.wait.play.ClientSample.main(ClientSample.java:26) [classes/:?]
Caused by: java.net.ConnectException: Failed to connect to /192.168.88.128:8001
	at okhttp3.internal.connection.RealConnection.connectSocket(RealConnection.java:249) ~[okhttp-3.12.12.jar:?]
	at okhttp3.internal.connection.RealConnection.connect(RealConnection.java:167) ~[okhttp-3.12.12.jar:?]
	at okhttp3.internal.connection.StreamAllocation.findConnection(StreamAllocation.java:258) ~[okhttp-3.12.12.jar:?]
	at okhttp3.internal.connection.StreamAllocation.findHealthyConnection(StreamAllocation.java:135) ~[okhttp-3.12.12.jar:?]
	at okhttp3.internal.connection.StreamAllocation.newStream(StreamAllocation.java:114) ~[okhttp-3.12.12.jar:?]
	at okhttp3.internal.connection.ConnectInterceptor.intercept(ConnectInterceptor.java:42) ~[okhttp-3.12.12.jar:?]
	at okhttp3.internal.http.RealInterceptorChain.proceed(RealInterceptorChain.java:147) ~[okhttp-3.12.12.jar:?]
	at okhttp3.internal.http.RealInterceptorChain.proceed(RealInterceptorChain.java:121) ~[okhttp-3.12.12.jar:?]
	at okhttp3.internal.cache.CacheInterceptor.intercept(CacheInterceptor.java:93) ~[okhttp-3.12.12.jar:?]
	at okhttp3.internal.http.RealInterceptorChain.proceed(RealInterceptorChain.java:147) ~[okhttp-3.12.12.jar:?]
	at okhttp3.internal.http.RealInterceptorChain.proceed(RealInterceptorChain.java:121) ~[okhttp-3.12.12.jar:?]
	at okhttp3.internal.http.BridgeInterceptor.intercept(BridgeInterceptor.java:93) ~[okhttp-3.12.12.jar:?]
	at okhttp3.internal.http.RealInterceptorChain.proceed(RealInterceptorChain.java:147) ~[okhttp-3.12.12.jar:?]
	at okhttp3.internal.http.RetryAndFollowUpInterceptor.intercept(RetryAndFollowUpInterceptor.java:127) ~[okhttp-3.12.12.jar:?]
	at okhttp3.internal.http.RealInterceptorChain.proceed(RealInterceptorChain.java:147) ~[okhttp-3.12.12.jar:?]
	at okhttp3.internal.http.RealInterceptorChain.proceed(RealInterceptorChain.java:121) ~[okhttp-3.12.12.jar:?]
	at io.fabric8.kubernetes.client.okhttp.OkHttpClientBuilderImpl$InteceptorAdapter.intercept(OkHttpClientBuilderImpl.java:62) ~[kubernetes-client-5.12.1.jar:?]
	at okhttp3.internal.http.RealInterceptorChain.proceed(RealInterceptorChain.java:147) ~[okhttp-3.12.12.jar:?]
	at okhttp3.internal.http.RealInterceptorChain.proceed(RealInterceptorChain.java:121) ~[okhttp-3.12.12.jar:?]
	at io.fabric8.kubernetes.client.okhttp.OkHttpClientBuilderImpl$InteceptorAdapter.intercept(OkHttpClientBuilderImpl.java:62) ~[kubernetes-client-5.12.1.jar:?]
	at okhttp3.internal.http.RealInterceptorChain.proceed(RealInterceptorChain.java:147) ~[okhttp-3.12.12.jar:?]
	at okhttp3.internal.http.RealInterceptorChain.proceed(RealInterceptorChain.java:121) ~[okhttp-3.12.12.jar:?]
	at io.fabric8.kubernetes.client.okhttp.OkHttpClientBuilderImpl$InteceptorAdapter.intercept(OkHttpClientBuilderImpl.java:62) ~[kubernetes-client-5.12.1.jar:?]
	at okhttp3.internal.http.RealInterceptorChain.proceed(RealInterceptorChain.java:147) ~[okhttp-3.12.12.jar:?]
	at okhttp3.internal.http.RealInterceptorChain.proceed(RealInterceptorChain.java:121) ~[okhttp-3.12.12.jar:?]
	at io.fabric8.kubernetes.client.okhttp.OkHttpClientBuilderImpl$InteceptorAdapter.intercept(OkHttpClientBuilderImpl.java:62) ~[kubernetes-client-5.12.1.jar:?]
	at okhttp3.internal.http.RealInterceptorChain.proceed(RealInterceptorChain.java:147) ~[okhttp-3.12.12.jar:?]
	at okhttp3.internal.http.RealInterceptorChain.proceed(RealInterceptorChain.java:121) ~[okhttp-3.12.12.jar:?]
	at okhttp3.RealCall.getResponseWithInterceptorChain(RealCall.java:257) ~[okhttp-3.12.12.jar:?]
	at okhttp3.RealCall.execute(RealCall.java:93) ~[okhttp-3.12.12.jar:?]
	at io.fabric8.kubernetes.client.okhttp.OkHttpClientImpl.send(OkHttpClientImpl.java:138) ~[kubernetes-client-5.12.1.jar:?]
	at io.fabric8.kubernetes.client.dsl.base.OperationSupport.retryWithExponentialBackoff(OperationSupport.java:574) ~[kubernetes-client-5.12.1.jar:?]
	at io.fabric8.kubernetes.client.dsl.base.OperationSupport.handleResponse(OperationSupport.java:553) ~[kubernetes-client-5.12.1.jar:?]
	at io.fabric8.kubernetes.client.dsl.base.OperationSupport.handleResponse(OperationSupport.java:518) ~[kubernetes-client-5.12.1.jar:?]
	at io.fabric8.kubernetes.client.dsl.base.OperationSupport.handleResponse(OperationSupport.java:502) ~[kubernetes-client-5.12.1.jar:?]
	at io.fabric8.kubernetes.client.dsl.base.BaseOperation.listRequestHelper(BaseOperation.java:133) ~[kubernetes-client-5.12.1.jar:?]
	... 3 more
Caused by: java.net.ConnectException: Connection refused: connect
	at java.net.PlainSocketImpl.waitForConnect(Native Method) ~[?:?]
	at java.net.PlainSocketImpl.socketConnect(PlainSocketImpl.java:107) ~[?:?]
	at java.net.AbstractPlainSocketImpl.doConnect(AbstractPlainSocketImpl.java:399) ~[?:?]
	at java.net.AbstractPlainSocketImpl.connectToAddress(AbstractPlainSocketImpl.java:242) ~[?:?]
	at java.net.AbstractPlainSocketImpl.connect(AbstractPlainSocketImpl.java:224) ~[?:?]
	at java.net.SocksSocketImpl.connect(SocksSocketImpl.java:392) ~[?:?]
	at java.net.Socket.connect(Socket.java:608) ~[?:?]
	at okhttp3.internal.platform.Platform.connectSocket(Platform.java:129) ~[okhttp-3.12.12.jar:?]
	at okhttp3.internal.connection.RealConnection.connectSocket(RealConnection.java:247) ~[okhttp-3.12.12.jar:?]
	at okhttp3.internal.connection.RealConnection.connect(RealConnection.java:167) ~[okhttp-3.12.12.jar:?]
	at okhttp3.internal.connection.StreamAllocation.findConnection(StreamAllocation.java:258) ~[okhttp-3.12.12.jar:?]
	at okhttp3.internal.connection.StreamAllocation.findHealthyConnection(StreamAllocation.java:135) ~[okhttp-3.12.12.jar:?]
	at okhttp3.internal.connection.StreamAllocation.newStream(StreamAllocation.java:114) ~[okhttp-3.12.12.jar:?]
	at okhttp3.internal.connection.ConnectInterceptor.intercept(ConnectInterceptor.java:42) ~[okhttp-3.12.12.jar:?]
	at okhttp3.internal.http.RealInterceptorChain.proceed(RealInterceptorChain.java:147) ~[okhttp-3.12.12.jar:?]
	at okhttp3.internal.http.RealInterceptorChain.proceed(RealInterceptorChain.java:121) ~[okhttp-3.12.12.jar:?]
	at okhttp3.internal.cache.CacheInterceptor.intercept(CacheInterceptor.java:93) ~[okhttp-3.12.12.jar:?]
	at okhttp3.internal.http.RealInterceptorChain.proceed(RealInterceptorChain.java:147) ~[okhttp-3.12.12.jar:?]
	at okhttp3.internal.http.RealInterceptorChain.proceed(RealInterceptorChain.java:121) ~[okhttp-3.12.12.jar:?]
	at okhttp3.internal.http.BridgeInterceptor.intercept(BridgeInterceptor.java:93) ~[okhttp-3.12.12.jar:?]
	at okhttp3.internal.http.RealInterceptorChain.proceed(RealInterceptorChain.java:147) ~[okhttp-3.12.12.jar:?]
	at okhttp3.internal.http.RetryAndFollowUpInterceptor.intercept(RetryAndFollowUpInterceptor.java:127) ~[okhttp-3.12.12.jar:?]
	at okhttp3.internal.http.RealInterceptorChain.proceed(RealInterceptorChain.java:147) ~[okhttp-3.12.12.jar:?]
	at okhttp3.internal.http.RealInterceptorChain.proceed(RealInterceptorChain.java:121) ~[okhttp-3.12.12.jar:?]
	at io.fabric8.kubernetes.client.okhttp.OkHttpClientBuilderImpl$InteceptorAdapter.intercept(OkHttpClientBuilderImpl.java:62) ~[kubernetes-client-5.12.1.jar:?]
	at okhttp3.internal.http.RealInterceptorChain.proceed(RealInterceptorChain.java:147) ~[okhttp-3.12.12.jar:?]
	at okhttp3.internal.http.RealInterceptorChain.proceed(RealInterceptorChain.java:121) ~[okhttp-3.12.12.jar:?]
	at io.fabric8.kubernetes.client.okhttp.OkHttpClientBuilderImpl$InteceptorAdapter.intercept(OkHttpClientBuilderImpl.java:62) ~[kubernetes-client-5.12.1.jar:?]
	at okhttp3.internal.http.RealInterceptorChain.proceed(RealInterceptorChain.java:147) ~[okhttp-3.12.12.jar:?]
	at okhttp3.internal.http.RealInterceptorChain.proceed(RealInterceptorChain.java:121) ~[okhttp-3.12.12.jar:?]
	at io.fabric8.kubernetes.client.okhttp.OkHttpClientBuilderImpl$InteceptorAdapter.intercept(OkHttpClientBuilderImpl.java:62) ~[kubernetes-client-5.12.1.jar:?]
	at okhttp3.internal.http.RealInterceptorChain.proceed(RealInterceptorChain.java:147) ~[okhttp-3.12.12.jar:?]
	at okhttp3.internal.http.RealInterceptorChain.proceed(RealInterceptorChain.java:121) ~[okhttp-3.12.12.jar:?]
	at io.fabric8.kubernetes.client.okhttp.OkHttpClientBuilderImpl$InteceptorAdapter.intercept(OkHttpClientBuilderImpl.java:62) ~[kubernetes-client-5.12.1.jar:?]
	at okhttp3.internal.http.RealInterceptorChain.proceed(RealInterceptorChain.java:147) ~[okhttp-3.12.12.jar:?]
	at okhttp3.internal.http.RealInterceptorChain.proceed(RealInterceptorChain.java:121) ~[okhttp-3.12.12.jar:?]
	at okhttp3.RealCall.getResponseWithInterceptorChain(RealCall.java:257) ~[okhttp-3.12.12.jar:?]
	at okhttp3.RealCall.execute(RealCall.java:93) ~[okhttp-3.12.12.jar:?]
	at io.fabric8.kubernetes.client.okhttp.OkHttpClientImpl.send(OkHttpClientImpl.java:138) ~[kubernetes-client-5.12.1.jar:?]
	at io.fabric8.kubernetes.client.dsl.base.OperationSupport.retryWithExponentialBackoff(OperationSupport.java:574) ~[kubernetes-client-5.12.1.jar:?]
	at io.fabric8.kubernetes.client.dsl.base.OperationSupport.handleResponse(OperationSupport.java:553) ~[kubernetes-client-5.12.1.jar:?]
	at io.fabric8.kubernetes.client.dsl.base.OperationSupport.handleResponse(OperationSupport.java:518) ~[kubernetes-client-5.12.1.jar:?]
	at io.fabric8.kubernetes.client.dsl.base.OperationSupport.handleResponse(OperationSupport.java:502) ~[kubernetes-client-5.12.1.jar:?]
	at io.fabric8.kubernetes.client.dsl.base.BaseOperation.listRequestHelper(BaseOperation.java:133) ~[kubernetes-client-5.12.1.jar:?]
	... 3 more
2022-03-19 21:34:58.896 -- [1;35m[main][m [1;31mERROR[m com.wait.play.ClientSample.main - Operation: [list]  for kind: [Pod]  with name: [null]  in namespace: [default]  failed.
io.fabric8.kubernetes.client.KubernetesClientException: Operation: [list]  for kind: [Pod]  with name: [null]  in namespace: [default]  failed.
	at io.fabric8.kubernetes.client.KubernetesClientException.launderThrowable(KubernetesClientException.java:130) ~[kubernetes-client-5.12.1.jar:?]
	at io.fabric8.kubernetes.client.dsl.base.BaseOperation.listRequestHelper(BaseOperation.java:140) ~[kubernetes-client-5.12.1.jar:?]
	at io.fabric8.kubernetes.client.dsl.base.BaseOperation.list(BaseOperation.java:415) ~[kubernetes-client-5.12.1.jar:?]
	at io.fabric8.kubernetes.client.dsl.base.BaseOperation.list(BaseOperation.java:83) ~[kubernetes-client-5.12.1.jar:?]
	at com.wait.play.ClientSample.main(ClientSample.java:26) [classes/:?]
Caused by: java.net.ConnectException: Failed to connect to /192.168.88.128:8001
	at okhttp3.internal.connection.RealConnection.connectSocket(RealConnection.java:249) ~[okhttp-3.12.12.jar:?]
	at okhttp3.internal.connection.RealConnection.connect(RealConnection.java:167) ~[okhttp-3.12.12.jar:?]
	at okhttp3.internal.connection.StreamAllocation.findConnection(StreamAllocation.java:258) ~[okhttp-3.12.12.jar:?]
	at okhttp3.internal.connection.StreamAllocation.findHealthyConnection(StreamAllocation.java:135) ~[okhttp-3.12.12.jar:?]
	at okhttp3.internal.connection.StreamAllocation.newStream(StreamAllocation.java:114) ~[okhttp-3.12.12.jar:?]
	at okhttp3.internal.connection.ConnectInterceptor.intercept(ConnectInterceptor.java:42) ~[okhttp-3.12.12.jar:?]
	at okhttp3.internal.http.RealInterceptorChain.proceed(RealInterceptorChain.java:147) ~[okhttp-3.12.12.jar:?]
	at okhttp3.internal.http.RealInterceptorChain.proceed(RealInterceptorChain.java:121) ~[okhttp-3.12.12.jar:?]
	at okhttp3.internal.cache.CacheInterceptor.intercept(CacheInterceptor.java:93) ~[okhttp-3.12.12.jar:?]
	at okhttp3.internal.http.RealInterceptorChain.proceed(RealInterceptorChain.java:147) ~[okhttp-3.12.12.jar:?]
	at okhttp3.internal.http.RealInterceptorChain.proceed(RealInterceptorChain.java:121) ~[okhttp-3.12.12.jar:?]
	at okhttp3.internal.http.BridgeInterceptor.intercept(BridgeInterceptor.java:93) ~[okhttp-3.12.12.jar:?]
	at okhttp3.internal.http.RealInterceptorChain.proceed(RealInterceptorChain.java:147) ~[okhttp-3.12.12.jar:?]
	at okhttp3.internal.http.RetryAndFollowUpInterceptor.intercept(RetryAndFollowUpInterceptor.java:127) ~[okhttp-3.12.12.jar:?]
	at okhttp3.internal.http.RealInterceptorChain.proceed(RealInterceptorChain.java:147) ~[okhttp-3.12.12.jar:?]
	at okhttp3.internal.http.RealInterceptorChain.proceed(RealInterceptorChain.java:121) ~[okhttp-3.12.12.jar:?]
	at io.fabric8.kubernetes.client.okhttp.OkHttpClientBuilderImpl$InteceptorAdapter.intercept(OkHttpClientBuilderImpl.java:62) ~[kubernetes-client-5.12.1.jar:?]
	at okhttp3.internal.http.RealInterceptorChain.proceed(RealInterceptorChain.java:147) ~[okhttp-3.12.12.jar:?]
	at okhttp3.internal.http.RealInterceptorChain.proceed(RealInterceptorChain.java:121) ~[okhttp-3.12.12.jar:?]
	at io.fabric8.kubernetes.client.okhttp.OkHttpClientBuilderImpl$InteceptorAdapter.intercept(OkHttpClientBuilderImpl.java:62) ~[kubernetes-client-5.12.1.jar:?]
	at okhttp3.internal.http.RealInterceptorChain.proceed(RealInterceptorChain.java:147) ~[okhttp-3.12.12.jar:?]
	at okhttp3.internal.http.RealInterceptorChain.proceed(RealInterceptorChain.java:121) ~[okhttp-3.12.12.jar:?]
	at io.fabric8.kubernetes.client.okhttp.OkHttpClientBuilderImpl$InteceptorAdapter.intercept(OkHttpClientBuilderImpl.java:62) ~[kubernetes-client-5.12.1.jar:?]
	at okhttp3.internal.http.RealInterceptorChain.proceed(RealInterceptorChain.java:147) ~[okhttp-3.12.12.jar:?]
	at okhttp3.internal.http.RealInterceptorChain.proceed(RealInterceptorChain.java:121) ~[okhttp-3.12.12.jar:?]
	at io.fabric8.kubernetes.client.okhttp.OkHttpClientBuilderImpl$InteceptorAdapter.intercept(OkHttpClientBuilderImpl.java:62) ~[kubernetes-client-5.12.1.jar:?]
	at okhttp3.internal.http.RealInterceptorChain.proceed(RealInterceptorChain.java:147) ~[okhttp-3.12.12.jar:?]
	at okhttp3.internal.http.RealInterceptorChain.proceed(RealInterceptorChain.java:121) ~[okhttp-3.12.12.jar:?]
	at okhttp3.RealCall.getResponseWithInterceptorChain(RealCall.java:257) ~[okhttp-3.12.12.jar:?]
	at okhttp3.RealCall.execute(RealCall.java:93) ~[okhttp-3.12.12.jar:?]
	at io.fabric8.kubernetes.client.okhttp.OkHttpClientImpl.send(OkHttpClientImpl.java:138) ~[kubernetes-client-5.12.1.jar:?]
	at io.fabric8.kubernetes.client.dsl.base.OperationSupport.retryWithExponentialBackoff(OperationSupport.java:574) ~[kubernetes-client-5.12.1.jar:?]
	at io.fabric8.kubernetes.client.dsl.base.OperationSupport.handleResponse(OperationSupport.java:553) ~[kubernetes-client-5.12.1.jar:?]
	at io.fabric8.kubernetes.client.dsl.base.OperationSupport.handleResponse(OperationSupport.java:518) ~[kubernetes-client-5.12.1.jar:?]
	at io.fabric8.kubernetes.client.dsl.base.OperationSupport.handleResponse(OperationSupport.java:502) ~[kubernetes-client-5.12.1.jar:?]
	at io.fabric8.kubernetes.client.dsl.base.BaseOperation.listRequestHelper(BaseOperation.java:133) ~[kubernetes-client-5.12.1.jar:?]
	... 3 more
Caused by: java.net.ConnectException: Connection refused: connect
	at java.net.PlainSocketImpl.waitForConnect(Native Method) ~[?:?]
	at java.net.PlainSocketImpl.socketConnect(PlainSocketImpl.java:107) ~[?:?]
	at java.net.AbstractPlainSocketImpl.doConnect(AbstractPlainSocketImpl.java:399) ~[?:?]
	at java.net.AbstractPlainSocketImpl.connectToAddress(AbstractPlainSocketImpl.java:242) ~[?:?]
	at java.net.AbstractPlainSocketImpl.connect(AbstractPlainSocketImpl.java:224) ~[?:?]
	at java.net.SocksSocketImpl.connect(SocksSocketImpl.java:392) ~[?:?]
	at java.net.Socket.connect(Socket.java:608) ~[?:?]
	at okhttp3.internal.platform.Platform.connectSocket(Platform.java:129) ~[okhttp-3.12.12.jar:?]
	at okhttp3.internal.connection.RealConnection.connectSocket(RealConnection.java:247) ~[okhttp-3.12.12.jar:?]
	at okhttp3.internal.connection.RealConnection.connect(RealConnection.java:167) ~[okhttp-3.12.12.jar:?]
	at okhttp3.internal.connection.StreamAllocation.findConnection(StreamAllocation.java:258) ~[okhttp-3.12.12.jar:?]
	at okhttp3.internal.connection.StreamAllocation.findHealthyConnection(StreamAllocation.java:135) ~[okhttp-3.12.12.jar:?]
	at okhttp3.internal.connection.StreamAllocation.newStream(StreamAllocation.java:114) ~[okhttp-3.12.12.jar:?]
	at okhttp3.internal.connection.ConnectInterceptor.intercept(ConnectInterceptor.java:42) ~[okhttp-3.12.12.jar:?]
	at okhttp3.internal.http.RealInterceptorChain.proceed(RealInterceptorChain.java:147) ~[okhttp-3.12.12.jar:?]
	at okhttp3.internal.http.RealInterceptorChain.proceed(RealInterceptorChain.java:121) ~[okhttp-3.12.12.jar:?]
	at okhttp3.internal.cache.CacheInterceptor.intercept(CacheInterceptor.java:93) ~[okhttp-3.12.12.jar:?]
	at okhttp3.internal.http.RealInterceptorChain.proceed(RealInterceptorChain.java:147) ~[okhttp-3.12.12.jar:?]
	at okhttp3.internal.http.RealInterceptorChain.proceed(RealInterceptorChain.java:121) ~[okhttp-3.12.12.jar:?]
	at okhttp3.internal.http.BridgeInterceptor.intercept(BridgeInterceptor.java:93) ~[okhttp-3.12.12.jar:?]
	at okhttp3.internal.http.RealInterceptorChain.proceed(RealInterceptorChain.java:147) ~[okhttp-3.12.12.jar:?]
	at okhttp3.internal.http.RetryAndFollowUpInterceptor.intercept(RetryAndFollowUpInterceptor.java:127) ~[okhttp-3.12.12.jar:?]
	at okhttp3.internal.http.RealInterceptorChain.proceed(RealInterceptorChain.java:147) ~[okhttp-3.12.12.jar:?]
	at okhttp3.internal.http.RealInterceptorChain.proceed(RealInterceptorChain.java:121) ~[okhttp-3.12.12.jar:?]
	at io.fabric8.kubernetes.client.okhttp.OkHttpClientBuilderImpl$InteceptorAdapter.intercept(OkHttpClientBuilderImpl.java:62) ~[kubernetes-client-5.12.1.jar:?]
	at okhttp3.internal.http.RealInterceptorChain.proceed(RealInterceptorChain.java:147) ~[okhttp-3.12.12.jar:?]
	at okhttp3.internal.http.RealInterceptorChain.proceed(RealInterceptorChain.java:121) ~[okhttp-3.12.12.jar:?]
	at io.fabric8.kubernetes.client.okhttp.OkHttpClientBuilderImpl$InteceptorAdapter.intercept(OkHttpClientBuilderImpl.java:62) ~[kubernetes-client-5.12.1.jar:?]
	at okhttp3.internal.http.RealInterceptorChain.proceed(RealInterceptorChain.java:147) ~[okhttp-3.12.12.jar:?]
	at okhttp3.internal.http.RealInterceptorChain.proceed(RealInterceptorChain.java:121) ~[okhttp-3.12.12.jar:?]
	at io.fabric8.kubernetes.client.okhttp.OkHttpClientBuilderImpl$InteceptorAdapter.intercept(OkHttpClientBuilderImpl.java:62) ~[kubernetes-client-5.12.1.jar:?]
	at okhttp3.internal.http.RealInterceptorChain.proceed(RealInterceptorChain.java:147) ~[okhttp-3.12.12.jar:?]
	at okhttp3.internal.http.RealInterceptorChain.proceed(RealInterceptorChain.java:121) ~[okhttp-3.12.12.jar:?]
	at io.fabric8.kubernetes.client.okhttp.OkHttpClientBuilderImpl$InteceptorAdapter.intercept(OkHttpClientBuilderImpl.java:62) ~[kubernetes-client-5.12.1.jar:?]
	at okhttp3.internal.http.RealInterceptorChain.proceed(RealInterceptorChain.java:147) ~[okhttp-3.12.12.jar:?]
	at okhttp3.internal.http.RealInterceptorChain.proceed(RealInterceptorChain.java:121) ~[okhttp-3.12.12.jar:?]
	at okhttp3.RealCall.getResponseWithInterceptorChain(RealCall.java:257) ~[okhttp-3.12.12.jar:?]
	at okhttp3.RealCall.execute(RealCall.java:93) ~[okhttp-3.12.12.jar:?]
	at io.fabric8.kubernetes.client.okhttp.OkHttpClientImpl.send(OkHttpClientImpl.java:138) ~[kubernetes-client-5.12.1.jar:?]
	at io.fabric8.kubernetes.client.dsl.base.OperationSupport.retryWithExponentialBackoff(OperationSupport.java:574) ~[kubernetes-client-5.12.1.jar:?]
	at io.fabric8.kubernetes.client.dsl.base.OperationSupport.handleResponse(OperationSupport.java:553) ~[kubernetes-client-5.12.1.jar:?]
	at io.fabric8.kubernetes.client.dsl.base.OperationSupport.handleResponse(OperationSupport.java:518) ~[kubernetes-client-5.12.1.jar:?]
	at io.fabric8.kubernetes.client.dsl.base.OperationSupport.handleResponse(OperationSupport.java:502) ~[kubernetes-client-5.12.1.jar:?]
	at io.fabric8.kubernetes.client.dsl.base.BaseOperation.listRequestHelper(BaseOperation.java:133) ~[kubernetes-client-5.12.1.jar:?]
	... 3 more
2022-03-19 21:35:58.938 -- [1;35m[main][m [1;31mERROR[m com.wait.play.ClientSample.main - Operation: [list]  for kind: [Pod]  with name: [null]  in namespace: [default]  failed.
io.fabric8.kubernetes.client.KubernetesClientException: Operation: [list]  for kind: [Pod]  with name: [null]  in namespace: [default]  failed.
	at io.fabric8.kubernetes.client.KubernetesClientException.launderThrowable(KubernetesClientException.java:130) ~[kubernetes-client-5.12.1.jar:?]
	at io.fabric8.kubernetes.client.dsl.base.BaseOperation.listRequestHelper(BaseOperation.java:140) ~[kubernetes-client-5.12.1.jar:?]
	at io.fabric8.kubernetes.client.dsl.base.BaseOperation.list(BaseOperation.java:415) ~[kubernetes-client-5.12.1.jar:?]
	at io.fabric8.kubernetes.client.dsl.base.BaseOperation.list(BaseOperation.java:83) ~[kubernetes-client-5.12.1.jar:?]
	at com.wait.play.ClientSample.main(ClientSample.java:26) [classes/:?]
Caused by: java.net.ConnectException: Failed to connect to /192.168.88.128:8001
	at okhttp3.internal.connection.RealConnection.connectSocket(RealConnection.java:249) ~[okhttp-3.12.12.jar:?]
	at okhttp3.internal.connection.RealConnection.connect(RealConnection.java:167) ~[okhttp-3.12.12.jar:?]
	at okhttp3.internal.connection.StreamAllocation.findConnection(StreamAllocation.java:258) ~[okhttp-3.12.12.jar:?]
	at okhttp3.internal.connection.StreamAllocation.findHealthyConnection(StreamAllocation.java:135) ~[okhttp-3.12.12.jar:?]
	at okhttp3.internal.connection.StreamAllocation.newStream(StreamAllocation.java:114) ~[okhttp-3.12.12.jar:?]
	at okhttp3.internal.connection.ConnectInterceptor.intercept(ConnectInterceptor.java:42) ~[okhttp-3.12.12.jar:?]
	at okhttp3.internal.http.RealInterceptorChain.proceed(RealInterceptorChain.java:147) ~[okhttp-3.12.12.jar:?]
	at okhttp3.internal.http.RealInterceptorChain.proceed(RealInterceptorChain.java:121) ~[okhttp-3.12.12.jar:?]
	at okhttp3.internal.cache.CacheInterceptor.intercept(CacheInterceptor.java:93) ~[okhttp-3.12.12.jar:?]
	at okhttp3.internal.http.RealInterceptorChain.proceed(RealInterceptorChain.java:147) ~[okhttp-3.12.12.jar:?]
	at okhttp3.internal.http.RealInterceptorChain.proceed(RealInterceptorChain.java:121) ~[okhttp-3.12.12.jar:?]
	at okhttp3.internal.http.BridgeInterceptor.intercept(BridgeInterceptor.java:93) ~[okhttp-3.12.12.jar:?]
	at okhttp3.internal.http.RealInterceptorChain.proceed(RealInterceptorChain.java:147) ~[okhttp-3.12.12.jar:?]
	at okhttp3.internal.http.RetryAndFollowUpInterceptor.intercept(RetryAndFollowUpInterceptor.java:127) ~[okhttp-3.12.12.jar:?]
	at okhttp3.internal.http.RealInterceptorChain.proceed(RealInterceptorChain.java:147) ~[okhttp-3.12.12.jar:?]
	at okhttp3.internal.http.RealInterceptorChain.proceed(RealInterceptorChain.java:121) ~[okhttp-3.12.12.jar:?]
	at io.fabric8.kubernetes.client.okhttp.OkHttpClientBuilderImpl$InteceptorAdapter.intercept(OkHttpClientBuilderImpl.java:62) ~[kubernetes-client-5.12.1.jar:?]
	at okhttp3.internal.http.RealInterceptorChain.proceed(RealInterceptorChain.java:147) ~[okhttp-3.12.12.jar:?]
	at okhttp3.internal.http.RealInterceptorChain.proceed(RealInterceptorChain.java:121) ~[okhttp-3.12.12.jar:?]
	at io.fabric8.kubernetes.client.okhttp.OkHttpClientBuilderImpl$InteceptorAdapter.intercept(OkHttpClientBuilderImpl.java:62) ~[kubernetes-client-5.12.1.jar:?]
	at okhttp3.internal.http.RealInterceptorChain.proceed(RealInterceptorChain.java:147) ~[okhttp-3.12.12.jar:?]
	at okhttp3.internal.http.RealInterceptorChain.proceed(RealInterceptorChain.java:121) ~[okhttp-3.12.12.jar:?]
	at io.fabric8.kubernetes.client.okhttp.OkHttpClientBuilderImpl$InteceptorAdapter.intercept(OkHttpClientBuilderImpl.java:62) ~[kubernetes-client-5.12.1.jar:?]
	at okhttp3.internal.http.RealInterceptorChain.proceed(RealInterceptorChain.java:147) ~[okhttp-3.12.12.jar:?]
	at okhttp3.internal.http.RealInterceptorChain.proceed(RealInterceptorChain.java:121) ~[okhttp-3.12.12.jar:?]
	at io.fabric8.kubernetes.client.okhttp.OkHttpClientBuilderImpl$InteceptorAdapter.intercept(OkHttpClientBuilderImpl.java:62) ~[kubernetes-client-5.12.1.jar:?]
	at okhttp3.internal.http.RealInterceptorChain.proceed(RealInterceptorChain.java:147) ~[okhttp-3.12.12.jar:?]
	at okhttp3.internal.http.RealInterceptorChain.proceed(RealInterceptorChain.java:121) ~[okhttp-3.12.12.jar:?]
	at okhttp3.RealCall.getResponseWithInterceptorChain(RealCall.java:257) ~[okhttp-3.12.12.jar:?]
	at okhttp3.RealCall.execute(RealCall.java:93) ~[okhttp-3.12.12.jar:?]
	at io.fabric8.kubernetes.client.okhttp.OkHttpClientImpl.send(OkHttpClientImpl.java:138) ~[kubernetes-client-5.12.1.jar:?]
	at io.fabric8.kubernetes.client.dsl.base.OperationSupport.retryWithExponentialBackoff(OperationSupport.java:574) ~[kubernetes-client-5.12.1.jar:?]
	at io.fabric8.kubernetes.client.dsl.base.OperationSupport.handleResponse(OperationSupport.java:553) ~[kubernetes-client-5.12.1.jar:?]
	at io.fabric8.kubernetes.client.dsl.base.OperationSupport.handleResponse(OperationSupport.java:518) ~[kubernetes-client-5.12.1.jar:?]
	at io.fabric8.kubernetes.client.dsl.base.OperationSupport.handleResponse(OperationSupport.java:502) ~[kubernetes-client-5.12.1.jar:?]
	at io.fabric8.kubernetes.client.dsl.base.BaseOperation.listRequestHelper(BaseOperation.java:133) ~[kubernetes-client-5.12.1.jar:?]
	... 3 more
Caused by: java.net.ConnectException: Connection refused: connect
	at java.net.PlainSocketImpl.waitForConnect(Native Method) ~[?:?]
	at java.net.PlainSocketImpl.socketConnect(PlainSocketImpl.java:107) ~[?:?]
	at java.net.AbstractPlainSocketImpl.doConnect(AbstractPlainSocketImpl.java:399) ~[?:?]
	at java.net.AbstractPlainSocketImpl.connectToAddress(AbstractPlainSocketImpl.java:242) ~[?:?]
	at java.net.AbstractPlainSocketImpl.connect(AbstractPlainSocketImpl.java:224) ~[?:?]
	at java.net.SocksSocketImpl.connect(SocksSocketImpl.java:392) ~[?:?]
	at java.net.Socket.connect(Socket.java:608) ~[?:?]
	at okhttp3.internal.platform.Platform.connectSocket(Platform.java:129) ~[okhttp-3.12.12.jar:?]
	at okhttp3.internal.connection.RealConnection.connectSocket(RealConnection.java:247) ~[okhttp-3.12.12.jar:?]
	at okhttp3.internal.connection.RealConnection.connect(RealConnection.java:167) ~[okhttp-3.12.12.jar:?]
	at okhttp3.internal.connection.StreamAllocation.findConnection(StreamAllocation.java:258) ~[okhttp-3.12.12.jar:?]
	at okhttp3.internal.connection.StreamAllocation.findHealthyConnection(StreamAllocation.java:135) ~[okhttp-3.12.12.jar:?]
	at okhttp3.internal.connection.StreamAllocation.newStream(StreamAllocation.java:114) ~[okhttp-3.12.12.jar:?]
	at okhttp3.internal.connection.ConnectInterceptor.intercept(ConnectInterceptor.java:42) ~[okhttp-3.12.12.jar:?]
	at okhttp3.internal.http.RealInterceptorChain.proceed(RealInterceptorChain.java:147) ~[okhttp-3.12.12.jar:?]
	at okhttp3.internal.http.RealInterceptorChain.proceed(RealInterceptorChain.java:121) ~[okhttp-3.12.12.jar:?]
	at okhttp3.internal.cache.CacheInterceptor.intercept(CacheInterceptor.java:93) ~[okhttp-3.12.12.jar:?]
	at okhttp3.internal.http.RealInterceptorChain.proceed(RealInterceptorChain.java:147) ~[okhttp-3.12.12.jar:?]
	at okhttp3.internal.http.RealInterceptorChain.proceed(RealInterceptorChain.java:121) ~[okhttp-3.12.12.jar:?]
	at okhttp3.internal.http.BridgeInterceptor.intercept(BridgeInterceptor.java:93) ~[okhttp-3.12.12.jar:?]
	at okhttp3.internal.http.RealInterceptorChain.proceed(RealInterceptorChain.java:147) ~[okhttp-3.12.12.jar:?]
	at okhttp3.internal.http.RetryAndFollowUpInterceptor.intercept(RetryAndFollowUpInterceptor.java:127) ~[okhttp-3.12.12.jar:?]
	at okhttp3.internal.http.RealInterceptorChain.proceed(RealInterceptorChain.java:147) ~[okhttp-3.12.12.jar:?]
	at okhttp3.internal.http.RealInterceptorChain.proceed(RealInterceptorChain.java:121) ~[okhttp-3.12.12.jar:?]
	at io.fabric8.kubernetes.client.okhttp.OkHttpClientBuilderImpl$InteceptorAdapter.intercept(OkHttpClientBuilderImpl.java:62) ~[kubernetes-client-5.12.1.jar:?]
	at okhttp3.internal.http.RealInterceptorChain.proceed(RealInterceptorChain.java:147) ~[okhttp-3.12.12.jar:?]
	at okhttp3.internal.http.RealInterceptorChain.proceed(RealInterceptorChain.java:121) ~[okhttp-3.12.12.jar:?]
	at io.fabric8.kubernetes.client.okhttp.OkHttpClientBuilderImpl$InteceptorAdapter.intercept(OkHttpClientBuilderImpl.java:62) ~[kubernetes-client-5.12.1.jar:?]
	at okhttp3.internal.http.RealInterceptorChain.proceed(RealInterceptorChain.java:147) ~[okhttp-3.12.12.jar:?]
	at okhttp3.internal.http.RealInterceptorChain.proceed(RealInterceptorChain.java:121) ~[okhttp-3.12.12.jar:?]
	at io.fabric8.kubernetes.client.okhttp.OkHttpClientBuilderImpl$InteceptorAdapter.intercept(OkHttpClientBuilderImpl.java:62) ~[kubernetes-client-5.12.1.jar:?]
	at okhttp3.internal.http.RealInterceptorChain.proceed(RealInterceptorChain.java:147) ~[okhttp-3.12.12.jar:?]
	at okhttp3.internal.http.RealInterceptorChain.proceed(RealInterceptorChain.java:121) ~[okhttp-3.12.12.jar:?]
	at io.fabric8.kubernetes.client.okhttp.OkHttpClientBuilderImpl$InteceptorAdapter.intercept(OkHttpClientBuilderImpl.java:62) ~[kubernetes-client-5.12.1.jar:?]
	at okhttp3.internal.http.RealInterceptorChain.proceed(RealInterceptorChain.java:147) ~[okhttp-3.12.12.jar:?]
	at okhttp3.internal.http.RealInterceptorChain.proceed(RealInterceptorChain.java:121) ~[okhttp-3.12.12.jar:?]
	at okhttp3.RealCall.getResponseWithInterceptorChain(RealCall.java:257) ~[okhttp-3.12.12.jar:?]
	at okhttp3.RealCall.execute(RealCall.java:93) ~[okhttp-3.12.12.jar:?]
	at io.fabric8.kubernetes.client.okhttp.OkHttpClientImpl.send(OkHttpClientImpl.java:138) ~[kubernetes-client-5.12.1.jar:?]
	at io.fabric8.kubernetes.client.dsl.base.OperationSupport.retryWithExponentialBackoff(OperationSupport.java:574) ~[kubernetes-client-5.12.1.jar:?]
	at io.fabric8.kubernetes.client.dsl.base.OperationSupport.handleResponse(OperationSupport.java:553) ~[kubernetes-client-5.12.1.jar:?]
	at io.fabric8.kubernetes.client.dsl.base.OperationSupport.handleResponse(OperationSupport.java:518) ~[kubernetes-client-5.12.1.jar:?]
	at io.fabric8.kubernetes.client.dsl.base.OperationSupport.handleResponse(OperationSupport.java:502) ~[kubernetes-client-5.12.1.jar:?]
	at io.fabric8.kubernetes.client.dsl.base.BaseOperation.listRequestHelper(BaseOperation.java:133) ~[kubernetes-client-5.12.1.jar:?]
	... 3 more
2022-03-19 21:37:56.361 -- [1;35m[main][m [1;31mERROR[m com.wait.play.ClientSample.main - Operation: [list]  for kind: [Pod]  with name: [null]  in namespace: [default]  failed.
io.fabric8.kubernetes.client.KubernetesClientException: Operation: [list]  for kind: [Pod]  with name: [null]  in namespace: [default]  failed.
	at io.fabric8.kubernetes.client.KubernetesClientException.launderThrowable(KubernetesClientException.java:130) ~[kubernetes-client-5.12.1.jar:?]
	at io.fabric8.kubernetes.client.dsl.base.BaseOperation.listRequestHelper(BaseOperation.java:140) ~[kubernetes-client-5.12.1.jar:?]
	at io.fabric8.kubernetes.client.dsl.base.BaseOperation.list(BaseOperation.java:415) ~[kubernetes-client-5.12.1.jar:?]
	at io.fabric8.kubernetes.client.dsl.base.BaseOperation.list(BaseOperation.java:83) ~[kubernetes-client-5.12.1.jar:?]
	at com.wait.play.ClientSample.main(ClientSample.java:26) [classes/:?]
Caused by: java.net.ConnectException: Failed to connect to /192.168.88.128:8001
	at okhttp3.internal.connection.RealConnection.connectSocket(RealConnection.java:249) ~[okhttp-3.12.12.jar:?]
	at okhttp3.internal.connection.RealConnection.connect(RealConnection.java:167) ~[okhttp-3.12.12.jar:?]
	at okhttp3.internal.connection.StreamAllocation.findConnection(StreamAllocation.java:258) ~[okhttp-3.12.12.jar:?]
	at okhttp3.internal.connection.StreamAllocation.findHealthyConnection(StreamAllocation.java:135) ~[okhttp-3.12.12.jar:?]
	at okhttp3.internal.connection.StreamAllocation.newStream(StreamAllocation.java:114) ~[okhttp-3.12.12.jar:?]
	at okhttp3.internal.connection.ConnectInterceptor.intercept(ConnectInterceptor.java:42) ~[okhttp-3.12.12.jar:?]
	at okhttp3.internal.http.RealInterceptorChain.proceed(RealInterceptorChain.java:147) ~[okhttp-3.12.12.jar:?]
	at okhttp3.internal.http.RealInterceptorChain.proceed(RealInterceptorChain.java:121) ~[okhttp-3.12.12.jar:?]
	at okhttp3.internal.cache.CacheInterceptor.intercept(CacheInterceptor.java:93) ~[okhttp-3.12.12.jar:?]
	at okhttp3.internal.http.RealInterceptorChain.proceed(RealInterceptorChain.java:147) ~[okhttp-3.12.12.jar:?]
	at okhttp3.internal.http.RealInterceptorChain.proceed(RealInterceptorChain.java:121) ~[okhttp-3.12.12.jar:?]
	at okhttp3.internal.http.BridgeInterceptor.intercept(BridgeInterceptor.java:93) ~[okhttp-3.12.12.jar:?]
	at okhttp3.internal.http.RealInterceptorChain.proceed(RealInterceptorChain.java:147) ~[okhttp-3.12.12.jar:?]
	at okhttp3.internal.http.RetryAndFollowUpInterceptor.intercept(RetryAndFollowUpInterceptor.java:127) ~[okhttp-3.12.12.jar:?]
	at okhttp3.internal.http.RealInterceptorChain.proceed(RealInterceptorChain.java:147) ~[okhttp-3.12.12.jar:?]
	at okhttp3.internal.http.RealInterceptorChain.proceed(RealInterceptorChain.java:121) ~[okhttp-3.12.12.jar:?]
	at io.fabric8.kubernetes.client.okhttp.OkHttpClientBuilderImpl$InteceptorAdapter.intercept(OkHttpClientBuilderImpl.java:62) ~[kubernetes-client-5.12.1.jar:?]
	at okhttp3.internal.http.RealInterceptorChain.proceed(RealInterceptorChain.java:147) ~[okhttp-3.12.12.jar:?]
	at okhttp3.internal.http.RealInterceptorChain.proceed(RealInterceptorChain.java:121) ~[okhttp-3.12.12.jar:?]
	at io.fabric8.kubernetes.client.okhttp.OkHttpClientBuilderImpl$InteceptorAdapter.intercept(OkHttpClientBuilderImpl.java:62) ~[kubernetes-client-5.12.1.jar:?]
	at okhttp3.internal.http.RealInterceptorChain.proceed(RealInterceptorChain.java:147) ~[okhttp-3.12.12.jar:?]
	at okhttp3.internal.http.RealInterceptorChain.proceed(RealInterceptorChain.java:121) ~[okhttp-3.12.12.jar:?]
	at io.fabric8.kubernetes.client.okhttp.OkHttpClientBuilderImpl$InteceptorAdapter.intercept(OkHttpClientBuilderImpl.java:62) ~[kubernetes-client-5.12.1.jar:?]
	at okhttp3.internal.http.RealInterceptorChain.proceed(RealInterceptorChain.java:147) ~[okhttp-3.12.12.jar:?]
	at okhttp3.internal.http.RealInterceptorChain.proceed(RealInterceptorChain.java:121) ~[okhttp-3.12.12.jar:?]
	at io.fabric8.kubernetes.client.okhttp.OkHttpClientBuilderImpl$InteceptorAdapter.intercept(OkHttpClientBuilderImpl.java:62) ~[kubernetes-client-5.12.1.jar:?]
	at okhttp3.internal.http.RealInterceptorChain.proceed(RealInterceptorChain.java:147) ~[okhttp-3.12.12.jar:?]
	at okhttp3.internal.http.RealInterceptorChain.proceed(RealInterceptorChain.java:121) ~[okhttp-3.12.12.jar:?]
	at okhttp3.RealCall.getResponseWithInterceptorChain(RealCall.java:257) ~[okhttp-3.12.12.jar:?]
	at okhttp3.RealCall.execute(RealCall.java:93) ~[okhttp-3.12.12.jar:?]
	at io.fabric8.kubernetes.client.okhttp.OkHttpClientImpl.send(OkHttpClientImpl.java:138) ~[kubernetes-client-5.12.1.jar:?]
	at io.fabric8.kubernetes.client.dsl.base.OperationSupport.retryWithExponentialBackoff(OperationSupport.java:574) ~[kubernetes-client-5.12.1.jar:?]
	at io.fabric8.kubernetes.client.dsl.base.OperationSupport.handleResponse(OperationSupport.java:553) ~[kubernetes-client-5.12.1.jar:?]
	at io.fabric8.kubernetes.client.dsl.base.OperationSupport.handleResponse(OperationSupport.java:518) ~[kubernetes-client-5.12.1.jar:?]
	at io.fabric8.kubernetes.client.dsl.base.OperationSupport.handleResponse(OperationSupport.java:502) ~[kubernetes-client-5.12.1.jar:?]
	at io.fabric8.kubernetes.client.dsl.base.BaseOperation.listRequestHelper(BaseOperation.java:133) ~[kubernetes-client-5.12.1.jar:?]
	... 3 more
Caused by: java.net.ConnectException: Connection refused: connect
	at java.net.PlainSocketImpl.waitForConnect(Native Method) ~[?:?]
	at java.net.PlainSocketImpl.socketConnect(PlainSocketImpl.java:107) ~[?:?]
	at java.net.AbstractPlainSocketImpl.doConnect(AbstractPlainSocketImpl.java:399) ~[?:?]
	at java.net.AbstractPlainSocketImpl.connectToAddress(AbstractPlainSocketImpl.java:242) ~[?:?]
	at java.net.AbstractPlainSocketImpl.connect(AbstractPlainSocketImpl.java:224) ~[?:?]
	at java.net.SocksSocketImpl.connect(SocksSocketImpl.java:392) ~[?:?]
	at java.net.Socket.connect(Socket.java:608) ~[?:?]
	at okhttp3.internal.platform.Platform.connectSocket(Platform.java:129) ~[okhttp-3.12.12.jar:?]
	at okhttp3.internal.connection.RealConnection.connectSocket(RealConnection.java:247) ~[okhttp-3.12.12.jar:?]
	at okhttp3.internal.connection.RealConnection.connect(RealConnection.java:167) ~[okhttp-3.12.12.jar:?]
	at okhttp3.internal.connection.StreamAllocation.findConnection(StreamAllocation.java:258) ~[okhttp-3.12.12.jar:?]
	at okhttp3.internal.connection.StreamAllocation.findHealthyConnection(StreamAllocation.java:135) ~[okhttp-3.12.12.jar:?]
	at okhttp3.internal.connection.StreamAllocation.newStream(StreamAllocation.java:114) ~[okhttp-3.12.12.jar:?]
	at okhttp3.internal.connection.ConnectInterceptor.intercept(ConnectInterceptor.java:42) ~[okhttp-3.12.12.jar:?]
	at okhttp3.internal.http.RealInterceptorChain.proceed(RealInterceptorChain.java:147) ~[okhttp-3.12.12.jar:?]
	at okhttp3.internal.http.RealInterceptorChain.proceed(RealInterceptorChain.java:121) ~[okhttp-3.12.12.jar:?]
	at okhttp3.internal.cache.CacheInterceptor.intercept(CacheInterceptor.java:93) ~[okhttp-3.12.12.jar:?]
	at okhttp3.internal.http.RealInterceptorChain.proceed(RealInterceptorChain.java:147) ~[okhttp-3.12.12.jar:?]
	at okhttp3.internal.http.RealInterceptorChain.proceed(RealInterceptorChain.java:121) ~[okhttp-3.12.12.jar:?]
	at okhttp3.internal.http.BridgeInterceptor.intercept(BridgeInterceptor.java:93) ~[okhttp-3.12.12.jar:?]
	at okhttp3.internal.http.RealInterceptorChain.proceed(RealInterceptorChain.java:147) ~[okhttp-3.12.12.jar:?]
	at okhttp3.internal.http.RetryAndFollowUpInterceptor.intercept(RetryAndFollowUpInterceptor.java:127) ~[okhttp-3.12.12.jar:?]
	at okhttp3.internal.http.RealInterceptorChain.proceed(RealInterceptorChain.java:147) ~[okhttp-3.12.12.jar:?]
	at okhttp3.internal.http.RealInterceptorChain.proceed(RealInterceptorChain.java:121) ~[okhttp-3.12.12.jar:?]
	at io.fabric8.kubernetes.client.okhttp.OkHttpClientBuilderImpl$InteceptorAdapter.intercept(OkHttpClientBuilderImpl.java:62) ~[kubernetes-client-5.12.1.jar:?]
	at okhttp3.internal.http.RealInterceptorChain.proceed(RealInterceptorChain.java:147) ~[okhttp-3.12.12.jar:?]
	at okhttp3.internal.http.RealInterceptorChain.proceed(RealInterceptorChain.java:121) ~[okhttp-3.12.12.jar:?]
	at io.fabric8.kubernetes.client.okhttp.OkHttpClientBuilderImpl$InteceptorAdapter.intercept(OkHttpClientBuilderImpl.java:62) ~[kubernetes-client-5.12.1.jar:?]
	at okhttp3.internal.http.RealInterceptorChain.proceed(RealInterceptorChain.java:147) ~[okhttp-3.12.12.jar:?]
	at okhttp3.internal.http.RealInterceptorChain.proceed(RealInterceptorChain.java:121) ~[okhttp-3.12.12.jar:?]
	at io.fabric8.kubernetes.client.okhttp.OkHttpClientBuilderImpl$InteceptorAdapter.intercept(OkHttpClientBuilderImpl.java:62) ~[kubernetes-client-5.12.1.jar:?]
	at okhttp3.internal.http.RealInterceptorChain.proceed(RealInterceptorChain.java:147) ~[okhttp-3.12.12.jar:?]
	at okhttp3.internal.http.RealInterceptorChain.proceed(RealInterceptorChain.java:121) ~[okhttp-3.12.12.jar:?]
	at io.fabric8.kubernetes.client.okhttp.OkHttpClientBuilderImpl$InteceptorAdapter.intercept(OkHttpClientBuilderImpl.java:62) ~[kubernetes-client-5.12.1.jar:?]
	at okhttp3.internal.http.RealInterceptorChain.proceed(RealInterceptorChain.java:147) ~[okhttp-3.12.12.jar:?]
	at okhttp3.internal.http.RealInterceptorChain.proceed(RealInterceptorChain.java:121) ~[okhttp-3.12.12.jar:?]
	at okhttp3.RealCall.getResponseWithInterceptorChain(RealCall.java:257) ~[okhttp-3.12.12.jar:?]
	at okhttp3.RealCall.execute(RealCall.java:93) ~[okhttp-3.12.12.jar:?]
	at io.fabric8.kubernetes.client.okhttp.OkHttpClientImpl.send(OkHttpClientImpl.java:138) ~[kubernetes-client-5.12.1.jar:?]
	at io.fabric8.kubernetes.client.dsl.base.OperationSupport.retryWithExponentialBackoff(OperationSupport.java:574) ~[kubernetes-client-5.12.1.jar:?]
	at io.fabric8.kubernetes.client.dsl.base.OperationSupport.handleResponse(OperationSupport.java:553) ~[kubernetes-client-5.12.1.jar:?]
	at io.fabric8.kubernetes.client.dsl.base.OperationSupport.handleResponse(OperationSupport.java:518) ~[kubernetes-client-5.12.1.jar:?]
	at io.fabric8.kubernetes.client.dsl.base.OperationSupport.handleResponse(OperationSupport.java:502) ~[kubernetes-client-5.12.1.jar:?]
	at io.fabric8.kubernetes.client.dsl.base.BaseOperation.listRequestHelper(BaseOperation.java:133) ~[kubernetes-client-5.12.1.jar:?]
	... 3 more
2022-03-19 21:39:48.851 -- [1;35m[main][m [1;31mERROR[m com.wait.play.ClientSample.main - Operation: [list]  for kind: [Pod]  with name: [null]  in namespace: [default]  failed.
io.fabric8.kubernetes.client.KubernetesClientException: Operation: [list]  for kind: [Pod]  with name: [null]  in namespace: [default]  failed.
	at io.fabric8.kubernetes.client.KubernetesClientException.launderThrowable(KubernetesClientException.java:130) ~[kubernetes-client-5.12.1.jar:?]
	at io.fabric8.kubernetes.client.dsl.base.BaseOperation.listRequestHelper(BaseOperation.java:140) ~[kubernetes-client-5.12.1.jar:?]
	at io.fabric8.kubernetes.client.dsl.base.BaseOperation.list(BaseOperation.java:415) ~[kubernetes-client-5.12.1.jar:?]
	at io.fabric8.kubernetes.client.dsl.base.BaseOperation.list(BaseOperation.java:83) ~[kubernetes-client-5.12.1.jar:?]
	at com.wait.play.ClientSample.main(ClientSample.java:26) [classes/:?]
Caused by: java.net.ConnectException: Failed to connect to /192.168.88.128:8001
	at okhttp3.internal.connection.RealConnection.connectSocket(RealConnection.java:249) ~[okhttp-3.12.12.jar:?]
	at okhttp3.internal.connection.RealConnection.connect(RealConnection.java:167) ~[okhttp-3.12.12.jar:?]
	at okhttp3.internal.connection.StreamAllocation.findConnection(StreamAllocation.java:258) ~[okhttp-3.12.12.jar:?]
	at okhttp3.internal.connection.StreamAllocation.findHealthyConnection(StreamAllocation.java:135) ~[okhttp-3.12.12.jar:?]
	at okhttp3.internal.connection.StreamAllocation.newStream(StreamAllocation.java:114) ~[okhttp-3.12.12.jar:?]
	at okhttp3.internal.connection.ConnectInterceptor.intercept(ConnectInterceptor.java:42) ~[okhttp-3.12.12.jar:?]
	at okhttp3.internal.http.RealInterceptorChain.proceed(RealInterceptorChain.java:147) ~[okhttp-3.12.12.jar:?]
	at okhttp3.internal.http.RealInterceptorChain.proceed(RealInterceptorChain.java:121) ~[okhttp-3.12.12.jar:?]
	at okhttp3.internal.cache.CacheInterceptor.intercept(CacheInterceptor.java:93) ~[okhttp-3.12.12.jar:?]
	at okhttp3.internal.http.RealInterceptorChain.proceed(RealInterceptorChain.java:147) ~[okhttp-3.12.12.jar:?]
	at okhttp3.internal.http.RealInterceptorChain.proceed(RealInterceptorChain.java:121) ~[okhttp-3.12.12.jar:?]
	at okhttp3.internal.http.BridgeInterceptor.intercept(BridgeInterceptor.java:93) ~[okhttp-3.12.12.jar:?]
	at okhttp3.internal.http.RealInterceptorChain.proceed(RealInterceptorChain.java:147) ~[okhttp-3.12.12.jar:?]
	at okhttp3.internal.http.RetryAndFollowUpInterceptor.intercept(RetryAndFollowUpInterceptor.java:127) ~[okhttp-3.12.12.jar:?]
	at okhttp3.internal.http.RealInterceptorChain.proceed(RealInterceptorChain.java:147) ~[okhttp-3.12.12.jar:?]
	at okhttp3.internal.http.RealInterceptorChain.proceed(RealInterceptorChain.java:121) ~[okhttp-3.12.12.jar:?]
	at io.fabric8.kubernetes.client.okhttp.OkHttpClientBuilderImpl$InteceptorAdapter.intercept(OkHttpClientBuilderImpl.java:62) ~[kubernetes-client-5.12.1.jar:?]
	at okhttp3.internal.http.RealInterceptorChain.proceed(RealInterceptorChain.java:147) ~[okhttp-3.12.12.jar:?]
	at okhttp3.internal.http.RealInterceptorChain.proceed(RealInterceptorChain.java:121) ~[okhttp-3.12.12.jar:?]
	at io.fabric8.kubernetes.client.okhttp.OkHttpClientBuilderImpl$InteceptorAdapter.intercept(OkHttpClientBuilderImpl.java:62) ~[kubernetes-client-5.12.1.jar:?]
	at okhttp3.internal.http.RealInterceptorChain.proceed(RealInterceptorChain.java:147) ~[okhttp-3.12.12.jar:?]
	at okhttp3.internal.http.RealInterceptorChain.proceed(RealInterceptorChain.java:121) ~[okhttp-3.12.12.jar:?]
	at io.fabric8.kubernetes.client.okhttp.OkHttpClientBuilderImpl$InteceptorAdapter.intercept(OkHttpClientBuilderImpl.java:62) ~[kubernetes-client-5.12.1.jar:?]
	at okhttp3.internal.http.RealInterceptorChain.proceed(RealInterceptorChain.java:147) ~[okhttp-3.12.12.jar:?]
	at okhttp3.internal.http.RealInterceptorChain.proceed(RealInterceptorChain.java:121) ~[okhttp-3.12.12.jar:?]
	at io.fabric8.kubernetes.client.okhttp.OkHttpClientBuilderImpl$InteceptorAdapter.intercept(OkHttpClientBuilderImpl.java:62) ~[kubernetes-client-5.12.1.jar:?]
	at okhttp3.internal.http.RealInterceptorChain.proceed(RealInterceptorChain.java:147) ~[okhttp-3.12.12.jar:?]
	at okhttp3.internal.http.RealInterceptorChain.proceed(RealInterceptorChain.java:121) ~[okhttp-3.12.12.jar:?]
	at okhttp3.RealCall.getResponseWithInterceptorChain(RealCall.java:257) ~[okhttp-3.12.12.jar:?]
	at okhttp3.RealCall.execute(RealCall.java:93) ~[okhttp-3.12.12.jar:?]
	at io.fabric8.kubernetes.client.okhttp.OkHttpClientImpl.send(OkHttpClientImpl.java:138) ~[kubernetes-client-5.12.1.jar:?]
	at io.fabric8.kubernetes.client.dsl.base.OperationSupport.retryWithExponentialBackoff(OperationSupport.java:574) ~[kubernetes-client-5.12.1.jar:?]
	at io.fabric8.kubernetes.client.dsl.base.OperationSupport.handleResponse(OperationSupport.java:553) ~[kubernetes-client-5.12.1.jar:?]
	at io.fabric8.kubernetes.client.dsl.base.OperationSupport.handleResponse(OperationSupport.java:518) ~[kubernetes-client-5.12.1.jar:?]
	at io.fabric8.kubernetes.client.dsl.base.OperationSupport.handleResponse(OperationSupport.java:502) ~[kubernetes-client-5.12.1.jar:?]
	at io.fabric8.kubernetes.client.dsl.base.BaseOperation.listRequestHelper(BaseOperation.java:133) ~[kubernetes-client-5.12.1.jar:?]
	... 3 more
Caused by: java.net.ConnectException: Connection refused: connect
	at java.net.PlainSocketImpl.waitForConnect(Native Method) ~[?:?]
	at java.net.PlainSocketImpl.socketConnect(PlainSocketImpl.java:107) ~[?:?]
	at java.net.AbstractPlainSocketImpl.doConnect(AbstractPlainSocketImpl.java:399) ~[?:?]
	at java.net.AbstractPlainSocketImpl.connectToAddress(AbstractPlainSocketImpl.java:242) ~[?:?]
	at java.net.AbstractPlainSocketImpl.connect(AbstractPlainSocketImpl.java:224) ~[?:?]
	at java.net.SocksSocketImpl.connect(SocksSocketImpl.java:392) ~[?:?]
	at java.net.Socket.connect(Socket.java:608) ~[?:?]
	at okhttp3.internal.platform.Platform.connectSocket(Platform.java:129) ~[okhttp-3.12.12.jar:?]
	at okhttp3.internal.connection.RealConnection.connectSocket(RealConnection.java:247) ~[okhttp-3.12.12.jar:?]
	at okhttp3.internal.connection.RealConnection.connect(RealConnection.java:167) ~[okhttp-3.12.12.jar:?]
	at okhttp3.internal.connection.StreamAllocation.findConnection(StreamAllocation.java:258) ~[okhttp-3.12.12.jar:?]
	at okhttp3.internal.connection.StreamAllocation.findHealthyConnection(StreamAllocation.java:135) ~[okhttp-3.12.12.jar:?]
	at okhttp3.internal.connection.StreamAllocation.newStream(StreamAllocation.java:114) ~[okhttp-3.12.12.jar:?]
	at okhttp3.internal.connection.ConnectInterceptor.intercept(ConnectInterceptor.java:42) ~[okhttp-3.12.12.jar:?]
	at okhttp3.internal.http.RealInterceptorChain.proceed(RealInterceptorChain.java:147) ~[okhttp-3.12.12.jar:?]
	at okhttp3.internal.http.RealInterceptorChain.proceed(RealInterceptorChain.java:121) ~[okhttp-3.12.12.jar:?]
	at okhttp3.internal.cache.CacheInterceptor.intercept(CacheInterceptor.java:93) ~[okhttp-3.12.12.jar:?]
	at okhttp3.internal.http.RealInterceptorChain.proceed(RealInterceptorChain.java:147) ~[okhttp-3.12.12.jar:?]
	at okhttp3.internal.http.RealInterceptorChain.proceed(RealInterceptorChain.java:121) ~[okhttp-3.12.12.jar:?]
	at okhttp3.internal.http.BridgeInterceptor.intercept(BridgeInterceptor.java:93) ~[okhttp-3.12.12.jar:?]
	at okhttp3.internal.http.RealInterceptorChain.proceed(RealInterceptorChain.java:147) ~[okhttp-3.12.12.jar:?]
	at okhttp3.internal.http.RetryAndFollowUpInterceptor.intercept(RetryAndFollowUpInterceptor.java:127) ~[okhttp-3.12.12.jar:?]
	at okhttp3.internal.http.RealInterceptorChain.proceed(RealInterceptorChain.java:147) ~[okhttp-3.12.12.jar:?]
	at okhttp3.internal.http.RealInterceptorChain.proceed(RealInterceptorChain.java:121) ~[okhttp-3.12.12.jar:?]
	at io.fabric8.kubernetes.client.okhttp.OkHttpClientBuilderImpl$InteceptorAdapter.intercept(OkHttpClientBuilderImpl.java:62) ~[kubernetes-client-5.12.1.jar:?]
	at okhttp3.internal.http.RealInterceptorChain.proceed(RealInterceptorChain.java:147) ~[okhttp-3.12.12.jar:?]
	at okhttp3.internal.http.RealInterceptorChain.proceed(RealInterceptorChain.java:121) ~[okhttp-3.12.12.jar:?]
	at io.fabric8.kubernetes.client.okhttp.OkHttpClientBuilderImpl$InteceptorAdapter.intercept(OkHttpClientBuilderImpl.java:62) ~[kubernetes-client-5.12.1.jar:?]
	at okhttp3.internal.http.RealInterceptorChain.proceed(RealInterceptorChain.java:147) ~[okhttp-3.12.12.jar:?]
	at okhttp3.internal.http.RealInterceptorChain.proceed(RealInterceptorChain.java:121) ~[okhttp-3.12.12.jar:?]
	at io.fabric8.kubernetes.client.okhttp.OkHttpClientBuilderImpl$InteceptorAdapter.intercept(OkHttpClientBuilderImpl.java:62) ~[kubernetes-client-5.12.1.jar:?]
	at okhttp3.internal.http.RealInterceptorChain.proceed(RealInterceptorChain.java:147) ~[okhttp-3.12.12.jar:?]
	at okhttp3.internal.http.RealInterceptorChain.proceed(RealInterceptorChain.java:121) ~[okhttp-3.12.12.jar:?]
	at io.fabric8.kubernetes.client.okhttp.OkHttpClientBuilderImpl$InteceptorAdapter.intercept(OkHttpClientBuilderImpl.java:62) ~[kubernetes-client-5.12.1.jar:?]
	at okhttp3.internal.http.RealInterceptorChain.proceed(RealInterceptorChain.java:147) ~[okhttp-3.12.12.jar:?]
	at okhttp3.internal.http.RealInterceptorChain.proceed(RealInterceptorChain.java:121) ~[okhttp-3.12.12.jar:?]
	at okhttp3.RealCall.getResponseWithInterceptorChain(RealCall.java:257) ~[okhttp-3.12.12.jar:?]
	at okhttp3.RealCall.execute(RealCall.java:93) ~[okhttp-3.12.12.jar:?]
	at io.fabric8.kubernetes.client.okhttp.OkHttpClientImpl.send(OkHttpClientImpl.java:138) ~[kubernetes-client-5.12.1.jar:?]
	at io.fabric8.kubernetes.client.dsl.base.OperationSupport.retryWithExponentialBackoff(OperationSupport.java:574) ~[kubernetes-client-5.12.1.jar:?]
	at io.fabric8.kubernetes.client.dsl.base.OperationSupport.handleResponse(OperationSupport.java:553) ~[kubernetes-client-5.12.1.jar:?]
	at io.fabric8.kubernetes.client.dsl.base.OperationSupport.handleResponse(OperationSupport.java:518) ~[kubernetes-client-5.12.1.jar:?]
	at io.fabric8.kubernetes.client.dsl.base.OperationSupport.handleResponse(OperationSupport.java:502) ~[kubernetes-client-5.12.1.jar:?]
	at io.fabric8.kubernetes.client.dsl.base.BaseOperation.listRequestHelper(BaseOperation.java:133) ~[kubernetes-client-5.12.1.jar:?]
	... 3 more
2022-03-19 21:46:09.331 -- [1;35m[OkHttp http://192.168.88.128:8001/...][m [1;31mERROR[m io.fabric8.kubernetes.client.dsl.internal.ExecWebSocketListener.onError - Exec Failure
io.fabric8.kubernetes.client.http.WebSocketHandshakeException: null
	at io.fabric8.kubernetes.client.okhttp.OkHttpWebSocketImpl$BuilderImpl$1.onFailure(OkHttpWebSocketImpl.java:66) [kubernetes-client-5.12.1.jar:?]
	at okhttp3.internal.ws.RealWebSocket.failWebSocket(RealWebSocket.java:571) [okhttp-3.12.12.jar:?]
	at okhttp3.internal.ws.RealWebSocket$2.onResponse(RealWebSocket.java:198) [okhttp-3.12.12.jar:?]
	at okhttp3.RealCall$AsyncCall.execute(RealCall.java:203) [okhttp-3.12.12.jar:?]
	at okhttp3.internal.NamedRunnable.run(NamedRunnable.java:32) [okhttp-3.12.12.jar:?]
	at java.util.concurrent.ThreadPoolExecutor.runWorker(ThreadPoolExecutor.java:1128) [?:?]
	at java.util.concurrent.ThreadPoolExecutor$Worker.run(ThreadPoolExecutor.java:628) [?:?]
	at java.lang.Thread.run(Thread.java:834) [?:?]
	Suppressed: java.lang.Throwable: waiting here
		at io.fabric8.kubernetes.client.utils.Utils.waitUntilReady(Utils.java:168) ~[kubernetes-client-5.12.1.jar:?]
		at io.fabric8.kubernetes.client.utils.Utils.waitUntilReadyOrFail(Utils.java:179) ~[kubernetes-client-5.12.1.jar:?]
		at io.fabric8.kubernetes.client.dsl.internal.core.v1.PodOperationsImpl.exec(PodOperationsImpl.java:332) ~[kubernetes-client-5.12.1.jar:?]
		at io.fabric8.kubernetes.client.dsl.internal.core.v1.PodOperationsImpl.exec(PodOperationsImpl.java:85) ~[kubernetes-client-5.12.1.jar:?]
		at com.wait.play.ExecWithTerminalSizeSample.newExecWatch(ExecWithTerminalSizeSample.java:34) ~[classes/:?]
		at com.wait.play.ExecWithTerminalSizeSample.main(ExecWithTerminalSizeSample.java:21) ~[classes/:?]
Caused by: java.net.ProtocolException: Expected HTTP 101 response but was '403 Forbidden'
	at okhttp3.internal.ws.RealWebSocket.checkResponse(RealWebSocket.java:229) ~[okhttp-3.12.12.jar:?]
	at okhttp3.internal.ws.RealWebSocket$2.onResponse(RealWebSocket.java:196) ~[okhttp-3.12.12.jar:?]
	... 5 more
2022-03-19 21:46:09.339 -- [1;35m[OkHttp http://192.168.88.128:8001/...][m [1;31mERROR[m com.wait.play.ExecWithTerminalSizeSample.onFailure - shell barfed
2022-03-19 21:46:27.983 -- [1;35m[main][m [1;32mINFO [m com.wait.play.ClientSample.main - 1
2022-03-19 21:48:37.301 -- [1;35m[OkHttp http://192.168.88.128:8001/...][m [1;31mERROR[m io.fabric8.kubernetes.client.dsl.internal.ExecWebSocketListener.onError - Exec Failure
io.fabric8.kubernetes.client.http.WebSocketHandshakeException: null
	at io.fabric8.kubernetes.client.okhttp.OkHttpWebSocketImpl$BuilderImpl$1.onFailure(OkHttpWebSocketImpl.java:66) [kubernetes-client-5.12.1.jar:?]
	at okhttp3.internal.ws.RealWebSocket.failWebSocket(RealWebSocket.java:571) [okhttp-3.12.12.jar:?]
	at okhttp3.internal.ws.RealWebSocket$2.onResponse(RealWebSocket.java:198) [okhttp-3.12.12.jar:?]
	at okhttp3.RealCall$AsyncCall.execute(RealCall.java:203) [okhttp-3.12.12.jar:?]
	at okhttp3.internal.NamedRunnable.run(NamedRunnable.java:32) [okhttp-3.12.12.jar:?]
	at java.util.concurrent.ThreadPoolExecutor.runWorker(ThreadPoolExecutor.java:1128) [?:?]
	at java.util.concurrent.ThreadPoolExecutor$Worker.run(ThreadPoolExecutor.java:628) [?:?]
	at java.lang.Thread.run(Thread.java:834) [?:?]
	Suppressed: java.lang.Throwable: waiting here
		at io.fabric8.kubernetes.client.utils.Utils.waitUntilReady(Utils.java:168) ~[kubernetes-client-5.12.1.jar:?]
		at io.fabric8.kubernetes.client.utils.Utils.waitUntilReadyOrFail(Utils.java:179) ~[kubernetes-client-5.12.1.jar:?]
		at io.fabric8.kubernetes.client.dsl.internal.core.v1.PodOperationsImpl.exec(PodOperationsImpl.java:332) ~[kubernetes-client-5.12.1.jar:?]
		at io.fabric8.kubernetes.client.dsl.internal.core.v1.PodOperationsImpl.exec(PodOperationsImpl.java:85) ~[kubernetes-client-5.12.1.jar:?]
		at com.wait.play.ExecWithTerminalSizeSample.newExecWatch(ExecWithTerminalSizeSample.java:34) ~[classes/:?]
		at com.wait.play.ExecWithTerminalSizeSample.main(ExecWithTerminalSizeSample.java:21) ~[classes/:?]
Caused by: java.net.ProtocolException: Expected HTTP 101 response but was '403 Forbidden'
	at okhttp3.internal.ws.RealWebSocket.checkResponse(RealWebSocket.java:229) ~[okhttp-3.12.12.jar:?]
	at okhttp3.internal.ws.RealWebSocket$2.onResponse(RealWebSocket.java:196) ~[okhttp-3.12.12.jar:?]
	... 5 more
2022-03-19 21:48:37.313 -- [1;35m[OkHttp http://192.168.88.128:8001/...][m [1;31mERROR[m com.wait.play.ExecWithTerminalSizeSample.onFailure - shell barfed
2022-03-19 21:54:17.937 -- [1;35m[OkHttp http://192.168.88.128:8001/...][m [1;31mERROR[m io.fabric8.kubernetes.client.dsl.internal.ExecWebSocketListener.onError - Exec Failure
io.fabric8.kubernetes.client.http.WebSocketHandshakeException: null
	at io.fabric8.kubernetes.client.okhttp.OkHttpWebSocketImpl$BuilderImpl$1.onFailure(OkHttpWebSocketImpl.java:66) [kubernetes-client-5.12.1.jar:?]
	at okhttp3.internal.ws.RealWebSocket.failWebSocket(RealWebSocket.java:571) [okhttp-3.12.12.jar:?]
	at okhttp3.internal.ws.RealWebSocket$2.onResponse(RealWebSocket.java:198) [okhttp-3.12.12.jar:?]
	at okhttp3.RealCall$AsyncCall.execute(RealCall.java:203) [okhttp-3.12.12.jar:?]
	at okhttp3.internal.NamedRunnable.run(NamedRunnable.java:32) [okhttp-3.12.12.jar:?]
	at java.util.concurrent.ThreadPoolExecutor.runWorker(ThreadPoolExecutor.java:1128) [?:?]
	at java.util.concurrent.ThreadPoolExecutor$Worker.run(ThreadPoolExecutor.java:628) [?:?]
	at java.lang.Thread.run(Thread.java:834) [?:?]
	Suppressed: java.lang.Throwable: waiting here
		at io.fabric8.kubernetes.client.utils.Utils.waitUntilReady(Utils.java:168) ~[kubernetes-client-5.12.1.jar:?]
		at io.fabric8.kubernetes.client.utils.Utils.waitUntilReadyOrFail(Utils.java:179) ~[kubernetes-client-5.12.1.jar:?]
		at io.fabric8.kubernetes.client.dsl.internal.core.v1.PodOperationsImpl.exec(PodOperationsImpl.java:332) ~[kubernetes-client-5.12.1.jar:?]
		at io.fabric8.kubernetes.client.dsl.internal.core.v1.PodOperationsImpl.exec(PodOperationsImpl.java:85) ~[kubernetes-client-5.12.1.jar:?]
		at com.wait.play.ExecWithTerminalSizeSample.newExecWatch(ExecWithTerminalSizeSample.java:34) ~[classes/:?]
		at com.wait.play.ExecWithTerminalSizeSample.main(ExecWithTerminalSizeSample.java:21) ~[classes/:?]
Caused by: java.net.ProtocolException: Expected HTTP 101 response but was '403 Forbidden'
	at okhttp3.internal.ws.RealWebSocket.checkResponse(RealWebSocket.java:229) ~[okhttp-3.12.12.jar:?]
	at okhttp3.internal.ws.RealWebSocket$2.onResponse(RealWebSocket.java:196) ~[okhttp-3.12.12.jar:?]
	... 5 more
2022-03-19 21:54:17.947 -- [1;35m[OkHttp http://192.168.88.128:8001/...][m [1;31mERROR[m com.wait.play.ExecWithTerminalSizeSample.onFailure - shell barfed
2022-03-19 22:00:11.829 -- [1;35m[OkHttp http://192.168.88.128:8001/...][m [1;31mERROR[m io.fabric8.kubernetes.client.dsl.internal.ExecWebSocketListener.onError - Exec Failure
io.fabric8.kubernetes.client.http.WebSocketHandshakeException: null
	at io.fabric8.kubernetes.client.okhttp.OkHttpWebSocketImpl$BuilderImpl$1.onFailure(OkHttpWebSocketImpl.java:66) [kubernetes-client-5.12.1.jar:?]
	at okhttp3.internal.ws.RealWebSocket.failWebSocket(RealWebSocket.java:571) [okhttp-3.12.12.jar:?]
	at okhttp3.internal.ws.RealWebSocket$2.onResponse(RealWebSocket.java:198) [okhttp-3.12.12.jar:?]
	at okhttp3.RealCall$AsyncCall.execute(RealCall.java:203) [okhttp-3.12.12.jar:?]
	at okhttp3.internal.NamedRunnable.run(NamedRunnable.java:32) [okhttp-3.12.12.jar:?]
	at java.util.concurrent.ThreadPoolExecutor.runWorker(ThreadPoolExecutor.java:1128) [?:?]
	at java.util.concurrent.ThreadPoolExecutor$Worker.run(ThreadPoolExecutor.java:628) [?:?]
	at java.lang.Thread.run(Thread.java:834) [?:?]
	Suppressed: java.lang.Throwable: waiting here
		at io.fabric8.kubernetes.client.utils.Utils.waitUntilReady(Utils.java:168) ~[kubernetes-client-5.12.1.jar:?]
		at io.fabric8.kubernetes.client.utils.Utils.waitUntilReadyOrFail(Utils.java:179) ~[kubernetes-client-5.12.1.jar:?]
		at io.fabric8.kubernetes.client.dsl.internal.core.v1.PodOperationsImpl.exec(PodOperationsImpl.java:332) ~[kubernetes-client-5.12.1.jar:?]
		at io.fabric8.kubernetes.client.dsl.internal.core.v1.PodOperationsImpl.exec(PodOperationsImpl.java:85) ~[kubernetes-client-5.12.1.jar:?]
		at com.wait.play.ExecWithTerminalSizeSample.newExecWatch(ExecWithTerminalSizeSample.java:34) ~[classes/:?]
		at com.wait.play.ExecWithTerminalSizeSample.main(ExecWithTerminalSizeSample.java:21) ~[classes/:?]
Caused by: java.net.ProtocolException: Expected HTTP 101 response but was '403 Forbidden'
	at okhttp3.internal.ws.RealWebSocket.checkResponse(RealWebSocket.java:229) ~[okhttp-3.12.12.jar:?]
	at okhttp3.internal.ws.RealWebSocket$2.onResponse(RealWebSocket.java:196) ~[okhttp-3.12.12.jar:?]
	... 5 more
2022-03-19 22:01:18.881 -- [1;35m[OkHttp http://192.168.88.128:8001/...][m [1;31mERROR[m io.fabric8.kubernetes.client.dsl.internal.ExecWebSocketListener.onError - Exec Failure
io.fabric8.kubernetes.client.http.WebSocketHandshakeException: null
	at io.fabric8.kubernetes.client.okhttp.OkHttpWebSocketImpl$BuilderImpl$1.onFailure(OkHttpWebSocketImpl.java:66) [kubernetes-client-5.12.1.jar:?]
	at okhttp3.internal.ws.RealWebSocket.failWebSocket(RealWebSocket.java:571) [okhttp-3.12.12.jar:?]
	at okhttp3.internal.ws.RealWebSocket$2.onResponse(RealWebSocket.java:198) [okhttp-3.12.12.jar:?]
	at okhttp3.RealCall$AsyncCall.execute(RealCall.java:203) [okhttp-3.12.12.jar:?]
	at okhttp3.internal.NamedRunnable.run(NamedRunnable.java:32) [okhttp-3.12.12.jar:?]
	at java.util.concurrent.ThreadPoolExecutor.runWorker(ThreadPoolExecutor.java:1128) [?:?]
	at java.util.concurrent.ThreadPoolExecutor$Worker.run(ThreadPoolExecutor.java:628) [?:?]
	at java.lang.Thread.run(Thread.java:834) [?:?]
	Suppressed: java.lang.Throwable: waiting here
		at io.fabric8.kubernetes.client.utils.Utils.waitUntilReady(Utils.java:168) ~[kubernetes-client-5.12.1.jar:?]
		at io.fabric8.kubernetes.client.utils.Utils.waitUntilReadyOrFail(Utils.java:179) ~[kubernetes-client-5.12.1.jar:?]
		at io.fabric8.kubernetes.client.dsl.internal.core.v1.PodOperationsImpl.exec(PodOperationsImpl.java:332) ~[kubernetes-client-5.12.1.jar:?]
		at io.fabric8.kubernetes.client.dsl.internal.core.v1.PodOperationsImpl.exec(PodOperationsImpl.java:85) ~[kubernetes-client-5.12.1.jar:?]
		at com.wait.play.ExecWithTerminalSizeSample.newExecWatch(ExecWithTerminalSizeSample.java:34) ~[classes/:?]
		at com.wait.play.ExecWithTerminalSizeSample.main(ExecWithTerminalSizeSample.java:21) ~[classes/:?]
Caused by: java.net.ProtocolException: Expected HTTP 101 response but was '403 Forbidden'
	at okhttp3.internal.ws.RealWebSocket.checkResponse(RealWebSocket.java:229) ~[okhttp-3.12.12.jar:?]
	at okhttp3.internal.ws.RealWebSocket$2.onResponse(RealWebSocket.java:196) ~[okhttp-3.12.12.jar:?]
	... 5 more
2022-03-19 22:06:24.667 -- [1;35m[OkHttp http://192.168.88.128:8001/...][m [1;31mERROR[m io.fabric8.kubernetes.client.dsl.internal.ExecWebSocketListener.onError - Exec Failure
io.fabric8.kubernetes.client.http.WebSocketHandshakeException: null
	at io.fabric8.kubernetes.client.okhttp.OkHttpWebSocketImpl$BuilderImpl$1.onFailure(OkHttpWebSocketImpl.java:66) [kubernetes-client-5.12.1.jar:?]
	at okhttp3.internal.ws.RealWebSocket.failWebSocket(RealWebSocket.java:571) [okhttp-3.12.12.jar:?]
	at okhttp3.internal.ws.RealWebSocket$2.onResponse(RealWebSocket.java:198) [okhttp-3.12.12.jar:?]
	at okhttp3.RealCall$AsyncCall.execute(RealCall.java:203) [okhttp-3.12.12.jar:?]
	at okhttp3.internal.NamedRunnable.run(NamedRunnable.java:32) [okhttp-3.12.12.jar:?]
	at java.util.concurrent.ThreadPoolExecutor.runWorker(ThreadPoolExecutor.java:1128) [?:?]
	at java.util.concurrent.ThreadPoolExecutor$Worker.run(ThreadPoolExecutor.java:628) [?:?]
	at java.lang.Thread.run(Thread.java:834) [?:?]
	Suppressed: java.lang.Throwable: waiting here
		at io.fabric8.kubernetes.client.utils.Utils.waitUntilReady(Utils.java:168) ~[kubernetes-client-5.12.1.jar:?]
		at io.fabric8.kubernetes.client.utils.Utils.waitUntilReadyOrFail(Utils.java:179) ~[kubernetes-client-5.12.1.jar:?]
		at io.fabric8.kubernetes.client.dsl.internal.core.v1.PodOperationsImpl.exec(PodOperationsImpl.java:332) ~[kubernetes-client-5.12.1.jar:?]
		at io.fabric8.kubernetes.client.dsl.internal.core.v1.PodOperationsImpl.exec(PodOperationsImpl.java:85) ~[kubernetes-client-5.12.1.jar:?]
		at com.wait.play.ExecWithTerminalSizeSample.newExecWatch(ExecWithTerminalSizeSample.java:34) ~[classes/:?]
		at com.wait.play.ExecWithTerminalSizeSample.main(ExecWithTerminalSizeSample.java:21) ~[classes/:?]
Caused by: java.net.ProtocolException: Expected HTTP 101 response but was '403 Forbidden'
	at okhttp3.internal.ws.RealWebSocket.checkResponse(RealWebSocket.java:229) ~[okhttp-3.12.12.jar:?]
	at okhttp3.internal.ws.RealWebSocket$2.onResponse(RealWebSocket.java:196) ~[okhttp-3.12.12.jar:?]
	... 5 more
2022-03-19 22:08:43.036 -- [1;35m[OkHttp http://192.168.88.128:8001/...][m [1;31mERROR[m io.fabric8.kubernetes.client.dsl.internal.ExecWebSocketListener.onError - Exec Failure
io.fabric8.kubernetes.client.http.WebSocketHandshakeException: null
	at io.fabric8.kubernetes.client.okhttp.OkHttpWebSocketImpl$BuilderImpl$1.onFailure(OkHttpWebSocketImpl.java:66) [kubernetes-client-5.12.1.jar:?]
	at okhttp3.internal.ws.RealWebSocket.failWebSocket(RealWebSocket.java:571) [okhttp-3.12.12.jar:?]
	at okhttp3.internal.ws.RealWebSocket$2.onResponse(RealWebSocket.java:198) [okhttp-3.12.12.jar:?]
	at okhttp3.RealCall$AsyncCall.execute(RealCall.java:203) [okhttp-3.12.12.jar:?]
	at okhttp3.internal.NamedRunnable.run(NamedRunnable.java:32) [okhttp-3.12.12.jar:?]
	at java.util.concurrent.ThreadPoolExecutor.runWorker(ThreadPoolExecutor.java:1128) [?:?]
	at java.util.concurrent.ThreadPoolExecutor$Worker.run(ThreadPoolExecutor.java:628) [?:?]
	at java.lang.Thread.run(Thread.java:834) [?:?]
	Suppressed: java.lang.Throwable: waiting here
		at io.fabric8.kubernetes.client.utils.Utils.waitUntilReady(Utils.java:168) ~[kubernetes-client-5.12.1.jar:?]
		at io.fabric8.kubernetes.client.utils.Utils.waitUntilReadyOrFail(Utils.java:179) ~[kubernetes-client-5.12.1.jar:?]
		at io.fabric8.kubernetes.client.dsl.internal.core.v1.PodOperationsImpl.exec(PodOperationsImpl.java:332) ~[kubernetes-client-5.12.1.jar:?]
		at io.fabric8.kubernetes.client.dsl.internal.core.v1.PodOperationsImpl.exec(PodOperationsImpl.java:85) ~[kubernetes-client-5.12.1.jar:?]
		at com.wait.play.ExecWithTerminalSizeSample.newExecWatch(ExecWithTerminalSizeSample.java:34) ~[classes/:?]
		at com.wait.play.ExecWithTerminalSizeSample.main(ExecWithTerminalSizeSample.java:21) ~[classes/:?]
Caused by: java.net.ProtocolException: Expected HTTP 101 response but was '403 Forbidden'
	at okhttp3.internal.ws.RealWebSocket.checkResponse(RealWebSocket.java:229) ~[okhttp-3.12.12.jar:?]
	at okhttp3.internal.ws.RealWebSocket$2.onResponse(RealWebSocket.java:196) ~[okhttp-3.12.12.jar:?]
	... 5 more
2022-03-19 22:08:43.046 -- [1;35m[OkHttp http://192.168.88.128:8001/...][m [1;31mERROR[m com.wait.play.ExecWithTerminalSizeSample.onFailure - shell barfed
2022-03-19 22:09:51.026 -- [1;35m[main][m [1;31mERROR[m com.wait.play.ClientSample.main - Operation: [list]  for kind: [Pod]  with name: [null]  in namespace: [default]  failed.
io.fabric8.kubernetes.client.KubernetesClientException: Operation: [list]  for kind: [Pod]  with name: [null]  in namespace: [default]  failed.
	at io.fabric8.kubernetes.client.KubernetesClientException.launderThrowable(KubernetesClientException.java:130) ~[kubernetes-client-5.12.1.jar:?]
	at io.fabric8.kubernetes.client.dsl.base.BaseOperation.listRequestHelper(BaseOperation.java:140) ~[kubernetes-client-5.12.1.jar:?]
	at io.fabric8.kubernetes.client.dsl.base.BaseOperation.list(BaseOperation.java:415) ~[kubernetes-client-5.12.1.jar:?]
	at io.fabric8.kubernetes.client.dsl.base.BaseOperation.list(BaseOperation.java:83) ~[kubernetes-client-5.12.1.jar:?]
	at com.wait.play.ClientSample.main(ClientSample.java:26) [classes/:?]
Caused by: javax.net.ssl.SSLException: Unsupported or unrecognized SSL message
	at sun.security.ssl.SSLSocketInputRecord.handleUnknownRecord(SSLSocketInputRecord.java:451) ~[?:?]
	at sun.security.ssl.SSLSocketInputRecord.decode(SSLSocketInputRecord.java:175) ~[?:?]
	at sun.security.ssl.SSLTransport.decode(SSLTransport.java:110) ~[?:?]
	at sun.security.ssl.SSLSocketImpl.decode(SSLSocketImpl.java:1369) ~[?:?]
	at sun.security.ssl.SSLSocketImpl.readHandshakeRecord(SSLSocketImpl.java:1278) ~[?:?]
	at sun.security.ssl.SSLSocketImpl.startHandshake(SSLSocketImpl.java:401) ~[?:?]
	at sun.security.ssl.SSLSocketImpl.startHandshake(SSLSocketImpl.java:373) ~[?:?]
	at okhttp3.internal.connection.RealConnection.connectTls(RealConnection.java:320) ~[okhttp-3.12.12.jar:?]
	at okhttp3.internal.connection.RealConnection.establishProtocol(RealConnection.java:284) ~[okhttp-3.12.12.jar:?]
	at okhttp3.internal.connection.RealConnection.connect(RealConnection.java:169) ~[okhttp-3.12.12.jar:?]
	at okhttp3.internal.connection.StreamAllocation.findConnection(StreamAllocation.java:258) ~[okhttp-3.12.12.jar:?]
	at okhttp3.internal.connection.StreamAllocation.findHealthyConnection(StreamAllocation.java:135) ~[okhttp-3.12.12.jar:?]
	at okhttp3.internal.connection.StreamAllocation.newStream(StreamAllocation.java:114) ~[okhttp-3.12.12.jar:?]
	at okhttp3.internal.connection.ConnectInterceptor.intercept(ConnectInterceptor.java:42) ~[okhttp-3.12.12.jar:?]
	at okhttp3.internal.http.RealInterceptorChain.proceed(RealInterceptorChain.java:147) ~[okhttp-3.12.12.jar:?]
	at okhttp3.internal.http.RealInterceptorChain.proceed(RealInterceptorChain.java:121) ~[okhttp-3.12.12.jar:?]
	at okhttp3.internal.cache.CacheInterceptor.intercept(CacheInterceptor.java:93) ~[okhttp-3.12.12.jar:?]
	at okhttp3.internal.http.RealInterceptorChain.proceed(RealInterceptorChain.java:147) ~[okhttp-3.12.12.jar:?]
	at okhttp3.internal.http.RealInterceptorChain.proceed(RealInterceptorChain.java:121) ~[okhttp-3.12.12.jar:?]
	at okhttp3.internal.http.BridgeInterceptor.intercept(BridgeInterceptor.java:93) ~[okhttp-3.12.12.jar:?]
	at okhttp3.internal.http.RealInterceptorChain.proceed(RealInterceptorChain.java:147) ~[okhttp-3.12.12.jar:?]
	at okhttp3.internal.http.RetryAndFollowUpInterceptor.intercept(RetryAndFollowUpInterceptor.java:127) ~[okhttp-3.12.12.jar:?]
	at okhttp3.internal.http.RealInterceptorChain.proceed(RealInterceptorChain.java:147) ~[okhttp-3.12.12.jar:?]
	at okhttp3.internal.http.RealInterceptorChain.proceed(RealInterceptorChain.java:121) ~[okhttp-3.12.12.jar:?]
	at io.fabric8.kubernetes.client.okhttp.OkHttpClientBuilderImpl$InteceptorAdapter.intercept(OkHttpClientBuilderImpl.java:62) ~[kubernetes-client-5.12.1.jar:?]
	at okhttp3.internal.http.RealInterceptorChain.proceed(RealInterceptorChain.java:147) ~[okhttp-3.12.12.jar:?]
	at okhttp3.internal.http.RealInterceptorChain.proceed(RealInterceptorChain.java:121) ~[okhttp-3.12.12.jar:?]
	at io.fabric8.kubernetes.client.okhttp.OkHttpClientBuilderImpl$InteceptorAdapter.intercept(OkHttpClientBuilderImpl.java:62) ~[kubernetes-client-5.12.1.jar:?]
	at okhttp3.internal.http.RealInterceptorChain.proceed(RealInterceptorChain.java:147) ~[okhttp-3.12.12.jar:?]
	at okhttp3.internal.http.RealInterceptorChain.proceed(RealInterceptorChain.java:121) ~[okhttp-3.12.12.jar:?]
	at io.fabric8.kubernetes.client.okhttp.OkHttpClientBuilderImpl$InteceptorAdapter.intercept(OkHttpClientBuilderImpl.java:62) ~[kubernetes-client-5.12.1.jar:?]
	at okhttp3.internal.http.RealInterceptorChain.proceed(RealInterceptorChain.java:147) ~[okhttp-3.12.12.jar:?]
	at okhttp3.internal.http.RealInterceptorChain.proceed(RealInterceptorChain.java:121) ~[okhttp-3.12.12.jar:?]
	at io.fabric8.kubernetes.client.okhttp.OkHttpClientBuilderImpl$InteceptorAdapter.intercept(OkHttpClientBuilderImpl.java:62) ~[kubernetes-client-5.12.1.jar:?]
	at okhttp3.internal.http.RealInterceptorChain.proceed(RealInterceptorChain.java:147) ~[okhttp-3.12.12.jar:?]
	at okhttp3.internal.http.RealInterceptorChain.proceed(RealInterceptorChain.java:121) ~[okhttp-3.12.12.jar:?]
	at okhttp3.RealCall.getResponseWithInterceptorChain(RealCall.java:257) ~[okhttp-3.12.12.jar:?]
	at okhttp3.RealCall.execute(RealCall.java:93) ~[okhttp-3.12.12.jar:?]
	at io.fabric8.kubernetes.client.okhttp.OkHttpClientImpl.send(OkHttpClientImpl.java:138) ~[kubernetes-client-5.12.1.jar:?]
	at io.fabric8.kubernetes.client.dsl.base.OperationSupport.retryWithExponentialBackoff(OperationSupport.java:574) ~[kubernetes-client-5.12.1.jar:?]
	at io.fabric8.kubernetes.client.dsl.base.OperationSupport.handleResponse(OperationSupport.java:553) ~[kubernetes-client-5.12.1.jar:?]
	at io.fabric8.kubernetes.client.dsl.base.OperationSupport.handleResponse(OperationSupport.java:518) ~[kubernetes-client-5.12.1.jar:?]
	at io.fabric8.kubernetes.client.dsl.base.OperationSupport.handleResponse(OperationSupport.java:502) ~[kubernetes-client-5.12.1.jar:?]
	at io.fabric8.kubernetes.client.dsl.base.BaseOperation.listRequestHelper(BaseOperation.java:133) ~[kubernetes-client-5.12.1.jar:?]
	... 3 more
